This is LuaHBTeX, Version 1.15.0 (TeX Live 2022/Arch Linux)  (format=lualatex 2022.11.14)  27 MAR 2023 11:32
 system commands enabled.
**MAURO_html.tex
(./MAURO_html.tex
LaTeX2e <2021-11-15> patch level 1
Lua module: luaotfload 2022-03-18 3.21 Lua based OpenType font support
Lua module: lualibs 2021-05-20 2.74 ConTeXt Lua standard libraries.
Lua module: lualibs-extended 2021-05-20 2.74 ConTeXt Lua libraries -- extended c
ollection.
luaotfload | conf : Root cache directory is "/home/alberto/.texlive/texmf-var/lu
atex-cache/generic/names".
luaotfload | init : Loading fontloader "fontloader-2022-02-24.lua" from kpse-res
olved path "/usr/share/texmf-dist/tex/luatex/luaotfload/fontloader-2022-02-24.lu
a".
Lua-only attribute luaotfload@noligature = 1
luaotfload | init : Context OpenType loader version 3.119
Inserting `luaotfload.node_processor' at position 1 in `pre_linebreak_filter'.
Inserting `luaotfload.node_processor' at position 1 in `hpack_filter'.
Inserting `luaotfload.glyph_stream' at position 1 in `glyph_stream_provider'.
Inserting `luaotfload.define_font' at position 1 in `define_font'.
Lua-only attribute luaotfload_color_attribute = 2
luaotfload | conf : Root cache directory is "/home/alberto/.texlive/texmf-var/lu
atex-cache/generic/names".
Inserting `luaotfload.harf.strip_prefix' at position 1 in `find_opentype_file'.
Inserting `luaotfload.harf.strip_prefix' at position 1 in `find_truetype_file'.
Removing  `luaotfload.glyph_stream' from `glyph_stream_provider'.
Inserting `luaotfload.harf.glyphstream' at position 1 in `glyph_stream_provider'
.
Inserting `luaotfload.harf.finalize_vlist' at position 1 in `post_linebreak_filt
er'.
Inserting `luaotfload.harf.finalize_hlist' at position 2 in `hpack_filter'.
Inserting `luaotfload.cleanup_files' at position 1 in `wrapup_run'.
Inserting `luaotfload.harf.finalize_unicode' at position 1 in `finish_pdffile'.
Inserting `luaotfload.glyphinfo' at position 1 in `glyph_info'.
Lua-only attribute luaotfload.letterspace_done = 3
Inserting `luaotfload.aux.set_sscale_dimens' at position 1 in `luaotfload.patch_
font'.
Inserting `luaotfload.aux.set_font_index' at position 2 in `luaotfload.patch_fon
t'.
Inserting `luaotfload.aux.patch_cambria_domh' at position 3 in `luaotfload.patch
_font'.
Inserting `luaotfload.aux.fixup_fontdata' at position 1 in `luaotfload.patch_fon
t_unsafe'.
Inserting `luaotfload.aux.set_capheight' at position 4 in `luaotfload.patch_font
'.
Inserting `luaotfload.aux.set_xheight' at position 5 in `luaotfload.patch_font'.
Inserting `luaotfload.rewrite_fontname' at position 6 in `luaotfload.patch_font'
. L3 programming layer <2022-04-10>
Inserting `tracingstacklevels' at position 1 in `input_level_string'. (./MAURO.
tex
(/usr/share/texmf-dist/tex/latex/base/book.cls
Document Class: book 2021/10/04 v1.4n Standard LaTeX document class
(/usr/share/texmf-dist/tex/latex/base/bk10.clo
File: bk10.clo 2021/10/04 v1.4n Standard LaTeX file (size option)
luaotfload | db : Font names database loaded from /home/alberto/.texlive/texmf-v
ar/luatex-cache/generic/names/luaotfload-names.luc.gz)
\c@part=\count183
\c@chapter=\count184
\c@section=\count185
\c@subsection=\count186
\c@subsubsection=\count187
\c@paragraph=\count188
\c@subparagraph=\count189
\c@figure=\count190
\c@table=\count191
\abovecaptionskip=\skip47
\belowcaptionskip=\skip48
\bibindent=\dimen137
)
(/usr/share/texmf-dist/tex/generic/iftex/iftex.sty
Package: iftex 2022/02/03 v1.0f TeX engine tests
)
(/usr/share/texmf-dist/tex/latex/fontspec/fontspec.sty
(/usr/share/texmf-dist/tex/latex/l3packages/xparse/xparse.sty
(/usr/share/texmf-dist/tex/latex/l3kernel/expl3.sty
Package: expl3 2022-04-10 L3 programming layer (loader) 

(/usr/share/texmf-dist/tex/latex/l3backend/l3backend-luatex.def
File: l3backend-luatex.def 2022-04-14 L3 backend support: PDF output (LuaTeX)
\l__color_backend_stack_int=\count192
\l__pdf_internal_box=\box50
))
Package: xparse 2022-01-12 L3 Experimental document command parser
)
Package: fontspec 2022/01/15 v2.8a Font selection for XeLaTeX and LuaLaTeX
Lua module: fontspec 2022/01/15 2.8a Font selection for XeLaTeX and LuaLaTeX
(/usr/share/texmf-dist/tex/latex/fontspec/fontspec-luatex.sty
Package: fontspec-luatex 2022/01/15 v2.8a Font selection for XeLaTeX and LuaLaT
eX
\l__fontspec_script_int=\count193
\l__fontspec_language_int=\count194
\l__fontspec_strnum_int=\count195
\l__fontspec_tmp_int=\count196
\l__fontspec_tmpa_int=\count197
\l__fontspec_tmpb_int=\count198
\l__fontspec_tmpc_int=\count199
\l__fontspec_em_int=\count266
\l__fontspec_emdef_int=\count267
\l__fontspec_strong_int=\count268
\l__fontspec_strongdef_int=\count269
\l__fontspec_tmpa_dim=\dimen138
\l__fontspec_tmpb_dim=\dimen139
\l__fontspec_tmpc_dim=\dimen140

(/usr/share/texmf-dist/tex/latex/base/fontenc.sty
Package: fontenc 2021/04/29 v2.0v Standard LaTeX package
)
(/usr/share/texmf-dist/tex/latex/fontspec/fontspec.cfg)))
(/usr/share/texmf-dist/tex/latex/lwarp/lwarp.sty
Package: lwarp 2022/03/22 v0.905 Allows LaTeX to directly produce HTML5 output.


(/usr/share/texmf-dist/tex/generic/iftex/ifpdf.sty
Package: ifpdf 2019/10/25 v3.4 ifpdf legacy package. Use iftex instead.
)
(/usr/share/texmf-dist/tex/generic/ifptex/ifptex.sty
Package: ifptex 2022/04/03 v2.2 pTeX checker
)
(/usr/share/texmf-dist/tex/latex/etoolbox/etoolbox.sty
Package: etoolbox 2020/10/05 v2.5k e-TeX tools for LaTeX (JAW)
\etb@tempcnta=\count270
)
(/usr/share/texmf-dist/tex/latex/xpatch/xpatch.sty
Package: xpatch 2020/03/25 v0.3a Extending etoolbox patching commands
)
(/usr/share/texmf-dist/tex/latex/ifplatform/ifplatform.sty
Package: ifplatform 2017/10/13 v0.4a Testing for the operating system

(/usr/share/texmf-dist/tex/latex/tools/shellesc.sty
Package: shellesc 2019/11/08 v1.0c unified shell escape interface for LaTeX
Package shellesc Info: Unrestricted shell escape enabled on input line 75.
)
(/usr/share/texmf-dist/tex/generic/pdftexcmds/pdftexcmds.sty
Package: pdftexcmds 2020-06-27 v0.33 Utility functions of pdfTeX for LuaTeX (HO
)

(/usr/share/texmf-dist/tex/generic/infwarerr/infwarerr.sty
Package: infwarerr 2019/12/03 v1.5 Providing info/warning/error messages (HO)
)
(/usr/share/texmf-dist/tex/generic/ltxcmds/ltxcmds.sty
Package: ltxcmds 2020-05-10 v1.25 LaTeX kernel commands for general use (HO)
)
Package pdftexcmds Info: \pdf@primitive is available.
Package pdftexcmds Info: \pdf@ifprimitive is available.
Package pdftexcmds Info: \pdfdraftmode found.
\pdftexcmds@toks=\toks16
)
(/usr/share/texmf-dist/tex/generic/catchfile/catchfile.sty
Package: catchfile 2019/12/09 v1.8 Catch the contents of a file (HO)

(/usr/share/texmf-dist/tex/generic/etexcmds/etexcmds.sty
Package: etexcmds 2019/12/15 v1.7 Avoid name clashes with e-TeX commands (HO)
))
(/usr/share/texmf-dist/tex/generic/iftex/ifluatex.sty
Package: ifluatex 2019/10/25 v1.5 ifluatex legacy package. Use iftex instead.
)
runsystem(uname -s > "MAURO_html.w18")...executed
 (./MAURO_html.w18)
runsystem(rm -- "MAURO_html.w18")...executed
)
(/usr/share/texmf-dist/tex/latex/letltxmacro/letltxmacro.sty
Package: letltxmacro 2019/12/03 v1.6 Let assignment for LaTeX macros (HO)
)
(/usr/share/texmf-dist/tex/latex/newunicodechar/newunicodechar.sty
Package: newunicodechar 2018/04/08 v1.2 Defining Unicode characters
)
\LWR@templengthone=\skip49
\LWR@templengthtwo=\skip50
\LWR@templengththree=\skip51
\c@LWR@tempcountone=\count271
\c@LWR@texboxdepth=\count272

(/usr/share/texmf-dist/tex/latex/kvoptions/kvoptions.sty
Package: kvoptions 2020-10-07 v3.14 Key value format for package options (HO)

(/usr/share/texmf-dist/tex/latex/graphics/keyval.sty
Package: keyval 2014/10/28 v1.15 key=value parser (DPC)
\KV@toks@=\toks17
)
(/usr/share/texmf-dist/tex/generic/kvsetkeys/kvsetkeys.sty
Package: kvsetkeys 2019/12/15 v1.18 Key value parser (HO)
))
Package lwarp Info: Using option 'warpHTML' on input line 1179.

(/usr/share/texmf-dist/tex/latex/comment/comment.sty
\CommentStream=\write3

Excluding comment 'comment') Lwarp: Including comment 'warpall'
Lwarp: Including comment 'warpHTML' Lwarp: Excluding comment 'warpprint'
Excluding 'warpprint' comment. Including 'warpHTML' comment.
\openout3 = comment_html.cut

Straight input of comment_html.cut. (./comment_html.cut
Lwarp: Excluding comment 'warpMathJax') Excluding 'warpprint' comment.
Including 'warpHTML' comment.
\openout3 = comment_html.cut
 Straight input of comment_html.cut.
(./comment_html.cut Lwarp: Including comment 'warpsvg')
Lwarp: Excluding comment 'LWRcreatelwarpmk' Including 'warpHTML' comment.
\openout3 = comment_html.cut

Straight input of comment_html.cut. (./comment_html.cut)
Including 'warpHTML' comment.
\openout3 = comment_html.cut
 Straight input of comment_html.cut.
(./comment_html.cut (/usr/share/texmf-dist/tex/latex/geometry/geometry.sty
Package: geometry 2020/01/02 v5.9 Page Geometry

(/usr/share/texmf-dist/tex/generic/iftex/ifvtex.sty
Package: ifvtex 2019/10/25 v1.7 ifvtex legacy package. Use iftex instead.
)
\Gm@cnth=\count273
\Gm@cntv=\count274
\c@Gm@tempcnt=\count275
\Gm@bindingoffset=\dimen141
\Gm@wd@mp=\dimen142
\Gm@odd@mp=\dimen143
\Gm@even@mp=\dimen144
\Gm@layoutwidth=\dimen145
\Gm@layoutheight=\dimen146
\Gm@layouthoffset=\dimen147
\Gm@layoutvoffset=\dimen148
\Gm@dimlist=\toks18
))
Including 'warpall' comment.
\openout3 = comment_all.cut
 Straight input of comment_all.cut.
(./comment_all.cut (/usr/share/texmf-dist/tex/latex/tools/calc.sty
Package: calc 2017/05/25 v4.3 Infix arithmetic (KKT,FJ)
\calc@Acount=\count276
\calc@Bcount=\count277
\calc@Adimen=\dimen149
\calc@Bdimen=\dimen150
\calc@Askip=\skip52
\calc@Bskip=\skip53
LaTeX Info: Redefining \setlength on input line 80.
LaTeX Info: Redefining \addtolength on input line 81.
\calc@Ccount=\count278
\calc@Cskip=\skip54
))
Including 'warpHTML' comment.
\openout3 = comment_html.cut
 Straight input of comment_html.cut.
(./comment_html.cut
(/usr/share/texmf-dist/tex/generic/gettitlestring/gettitlestring.sty
Package: gettitlestring 2019/12/15 v1.6 Cleanup title references (HO)
))
Including 'warpall' comment.
\openout3 = comment_all.cut
 Straight input of comment_all.cut.
(./comment_all.cut) Including 'warpHTML' comment.
\openout3 = comment_html.cut

Straight input of comment_html.cut. (./comment_html.cut
(/usr/share/texmf-dist/tex/latex/xifthen/xifthen.sty
Package: xifthen 2015/11/05 v1.4.0 Extended ifthen features

(/usr/share/texmf-dist/tex/latex/base/ifthen.sty
Package: ifthen 2020/11/24 v1.1c Standard LaTeX ifthen package (DPC)
)
(/usr/share/texmf-dist/tex/latex/ifmtarg/ifmtarg.sty
Package: ifmtarg 2018/04/16 v1.2b check for an empty argument
))
(/usr/share/texmf-dist/tex/latex/tools/verbatim.sty
Package: verbatim 2020-07-07 v1.5u LaTeX2e package for verbatim enhancements
\every@verbatim=\toks19
\verbatim@line=\toks20
\verbatim@in@stream=\read2
)
(/usr/share/texmf-dist/tex/latex/refcount/refcount.sty
Package: refcount 2019/12/15 v3.6 Data extraction from label references (HO)
)
(/usr/share/texmf-dist/tex/latex/newfloat/newfloat.sty
Package: newfloat 2019/09/02 v1.1l Defining new floating environments (AR)
Package newfloat Info: Document class `book' detected.
))
Including 'warpall' comment.
\openout3 = comment_all.cut
 Straight input of comment_all.cut.
(./comment_all.cut (/usr/share/texmf-dist/tex/generic/xstring/xstring.sty
(/usr/share/texmf-dist/tex/generic/xstring/xstring.tex
\integerpart=\count279
\decimalpart=\count280
)
Package: xstring 2021/07/21 v1.84 String manipulations (CT)
)
(/usr/share/texmf-dist/tex/latex/environ/environ.sty
Package: environ 2014/05/04 v0.3 A new way to define environments

(/usr/share/texmf-dist/tex/latex/trimspaces/trimspaces.sty
Package: trimspaces 2009/09/17 v1.1 Trim spaces around a token list
)
\@envbody=\toks21
))
Including 'warpHTML' comment.
\openout3 = comment_html.cut
 Straight input of comment_html.cut.
(./comment_html.cut (/usr/share/texmf-dist/tex/latex/printlen/printlen.sty
Package: printlen 2009/09/03 v1.1a print lengths with units
))
Including 'warpall' comment.
\openout3 = comment_all.cut
 Straight input of comment_all.cut.
(./comment_all.cut) Including 'warpHTML' comment.
\openout3 = comment_html.cut

Straight input of comment_html.cut. (./comment_html.cut)
Including 'warpall' comment.
\openout3 = comment_all.cut
 Straight input of comment_all.cut.
(./comment_all.cut
\LWR@quickfile=\write4
) Including 'warpHTML' comment.
\openout3 = comment_html.cut

Straight input of comment_html.cut. (./comment_html.cut
\LWR@lateximagesfile=\write5
)
Including 'warpHTML' comment.
\openout3 = comment_html.cut
 Straight input of comment_html.cut.
(./comment_html.cut) Including 'warpHTML' comment.
\openout3 = comment_html.cut

Straight input of comment_html.cut. (./comment_html.cut
\LWR@copyoutfile=\write6
\LWR@copyinfile=\read3
)
Including 'warpall' comment.
\openout3 = comment_all.cut
 Straight input of comment_all.cut.
(./comment_all.cut) Including 'warpHTML' comment.
\openout3 = comment_html.cut

Straight input of comment_html.cut. (./comment_html.cut)
Excluding 'warpprint' comment. Including 'warpall' comment.
\openout3 = comment_all.cut

Straight input of comment_all.cut. (./comment_all.cut)
Including 'warpHTML' comment.
\openout3 = comment_html.cut
 Straight input of comment_html.cut.
(./comment_html.cut) Including 'warpHTML' comment.
\openout3 = comment_html.cut

Straight input of comment_html.cut. (./comment_html.cut)
Including 'warpHTML' comment.
\openout3 = comment_html.cut
 Straight input of comment_html.cut.
(./comment_html.cut) Lwarp: Excluding comment 'LWRwriteconf'
Excluding 'warpprint' comment. Excluding 'LWRwriteconf' comment.
Excluding 'LWRwriteconf' comment. Excluding 'LWRwriteconf' comment.
Excluding 'LWRwriteconf' comment. Excluding 'LWRwriteconf' comment.
Excluding 'LWRwriteconf' comment. Excluding 'LWRwriteconf' comment.
Excluding 'LWRwriteconf' comment. Excluding 'LWRwriteconf' comment.
Excluding 'LWRwriteconf' comment. Excluding 'LWRwriteconf' comment.
Excluding 'LWRwriteconf' comment. Excluding 'LWRcreatelwarpmk' comment.
Including 'warpHTML' comment.
\openout3 = comment_html.cut
 Straight input of comment_html.cut.
(./comment_html.cut) Including 'warpHTML' comment.
\openout3 = comment_html.cut

Straight input of comment_html.cut. (./comment_html.cut)
Including 'warpall' comment.
\openout3 = comment_all.cut
 Straight input of comment_all.cut.
(./comment_all.cut) Including 'warpHTML' comment.
\openout3 = comment_html.cut

Straight input of comment_html.cut. (./comment_html.cut)
Including 'warpall' comment.
\openout3 = comment_all.cut
 Straight input of comment_all.cut.
(./comment_all.cut) Including 'warpHTML' comment.
\openout3 = comment_html.cut

Straight input of comment_html.cut. (./comment_html.cut)
Including 'warpall' comment.
\openout3 = comment_all.cut
 Straight input of comment_all.cut.
(./comment_all.cut) Including 'warpHTML' comment.
\openout3 = comment_html.cut

Straight input of comment_html.cut. (./comment_html.cut
\c@LWR@HTMLpagenum=\count281
\c@LWR@htmlseqfilenumber=\count282
\c@LWR@htmlfilenumber=\count283
)
Including 'warpall' comment.
\openout3 = comment_all.cut
 Straight input of comment_all.cut.
(./comment_all.cut) Including 'warpHTML' comment.
\openout3 = comment_html.cut

Straight input of comment_html.cut. (./comment_html.cut)
Excluding 'warpprint' comment. Including 'warpHTML' comment.
\openout3 = comment_html.cut

Straight input of comment_html.cut. (./comment_html.cut)
Including 'warpall' comment.
\openout3 = comment_all.cut
 Straight input of comment_all.cut.
(./comment_all.cut) Excluding 'warpprint' comment.
Including 'warpHTML' comment.
\openout3 = comment_html.cut
 Straight input of comment_html.cut.
(./comment_html.cut) Including 'warpHTML' comment.
\openout3 = comment_html.cut

Straight input of comment_html.cut. (./comment_html.cut)
Excluding 'warpprint' comment. Including 'warpHTML' comment.
\openout3 = comment_html.cut

Straight input of comment_html.cut. (./comment_html.cut)
Including 'warpHTML' comment.
\openout3 = comment_html.cut
 Straight input of comment_html.cut.
(./comment_html.cut) Including 'warpHTML' comment.
\openout3 = comment_html.cut

Straight input of comment_html.cut. (./comment_html.cut)
Including 'warpall' comment.
\openout3 = comment_all.cut
 Straight input of comment_all.cut.
(./comment_all.cut) Including 'warpHTML' comment.
\openout3 = comment_html.cut

Straight input of comment_html.cut. (./comment_html.cut)
Including 'warpall' comment.
\openout3 = comment_all.cut
 Straight input of comment_all.cut.
(./comment_all.cut) Including 'warpHTML' comment.
\openout3 = comment_html.cut

Straight input of comment_html.cut. (./comment_html.cut)
Including 'warpall' comment.
\openout3 = comment_all.cut
 Straight input of comment_all.cut.
(./comment_all.cut) Including 'warpHTML' comment.
\openout3 = comment_html.cut

Straight input of comment_html.cut. (./comment_html.cut)
Including 'warpall' comment.
\openout3 = comment_all.cut
 Straight input of comment_all.cut.
(./comment_all.cut) Including 'warpHTML' comment.
\openout3 = comment_html.cut

Straight input of comment_html.cut. (./comment_html.cut)
Including 'warpHTML' comment.
\openout3 = comment_html.cut
 Straight input of comment_html.cut.
(./comment_html.cut) Including 'warpHTML' comment.
\openout3 = comment_html.cut

Straight input of comment_html.cut. (./comment_html.cut
\c@LWR@spandepth=\count284
)
Including 'warpHTML' comment.
\openout3 = comment_html.cut
 Straight input of comment_html.cut.
(./comment_html.cut) Including 'warpHTML' comment.
\openout3 = comment_html.cut

Straight input of comment_html.cut. (./comment_html.cut)
Including 'warpall' comment.
\openout3 = comment_all.cut
 Straight input of comment_all.cut.
(./comment_all.cut) Including 'warpHTML' comment.
\openout3 = comment_html.cut

Straight input of comment_html.cut. (./comment_html.cut)
Excluding 'warpprint' comment. Including 'warpHTML' comment.
\openout3 = comment_html.cut

Straight input of comment_html.cut. (./comment_html.cut)
Excluding 'warpprint' comment. Including 'warpHTML' comment.
\openout3 = comment_html.cut

Straight input of comment_html.cut. (./comment_html.cut)
Including 'warpall' comment.
\openout3 = comment_all.cut
 Straight input of comment_all.cut.
(./comment_all.cut) Including 'warpall' comment.
\openout3 = comment_all.cut

Straight input of comment_all.cut. (./comment_all.cut
\c@FootnoteDepth=\count285
\c@footnoteReset=\count286
)
Including 'warpHTML' comment.
\openout3 = comment_html.cut
 Straight input of comment_html.cut.
(./comment_html.cut
\LWR@footnotebox=\box51
\LWR@mpfootnotes=\box52
) Including 'warpHTML' comment.
\openout3 = comment_html.cut

Straight input of comment_html.cut. (./comment_html.cut)
Excluding 'warpprint' comment.
\c@LWR@currentautosecpage=\count287
\c@LWR@currentautosecfloatpage=\count288
\c@LWR@previousautopagelabel=\count289
 Including 'warpall' comment.
\openout3 = comment_all.cut

Straight input of comment_all.cut. (./comment_all.cut
\c@FileDepth=\count290
)
Including 'warpHTML' comment.
\openout3 = comment_html.cut
 Straight input of comment_html.cut.
(./comment_html.cut) Excluding 'warpMathJax' comment.
Excluding 'warpMathJax' comment. Including 'warpHTML' comment.
\openout3 = comment_html.cut

Straight input of comment_html.cut. (./comment_html.cut)
Excluding 'warpprint' comment. Including 'warpHTML' comment.
\openout3 = comment_html.cut

Straight input of comment_html.cut. (./comment_html.cut)
Including 'warpHTML' comment.
\openout3 = comment_html.cut
 Straight input of comment_html.cut.
(./comment_html.cut) Excluding 'warpprint' comment.
Including 'warpHTML' comment.
\openout3 = comment_html.cut
 Straight input of comment_html.cut.
(./comment_html.cut
\c@LWR@prevFileDepth=\count291
) Including 'warpall' comment.
\openout3 = comment_all.cut

Straight input of comment_all.cut. (./comment_all.cut)
Including 'warpHTML' comment.
\openout3 = comment_html.cut
 Straight input of comment_html.cut.
(./comment_html.cut) Including 'warpHTML' comment.
\openout3 = comment_html.cut

Straight input of comment_html.cut. (./comment_html.cut)
Including 'warpHTML' comment.
\openout3 = comment_html.cut
 Straight input of comment_html.cut.
(./comment_html.cut) Including 'warpall' comment.
\openout3 = comment_all.cut

Straight input of comment_all.cut. (./comment_all.cut)
Including 'warpall' comment.
\openout3 = comment_all.cut
 Straight input of comment_all.cut.
(./comment_all.cut) Excluding 'warpprint' comment.
Including 'warpHTML' comment.
\openout3 = comment_html.cut
 Straight input of comment_html.cut.
(./comment_html.cut) Excluding 'warpprint' comment.
Including 'warpHTML' comment.
\openout3 = comment_html.cut
 Straight input of comment_html.cut.
(./comment_html.cut) Including 'warpHTML' comment.
\openout3 = comment_html.cut

Straight input of comment_html.cut. (./comment_html.cut)
Excluding 'warpprint' comment. Including 'warpHTML' comment.
\openout3 = comment_html.cut

Straight input of comment_html.cut. (./comment_html.cut)
Including 'warpall' comment.
\openout3 = comment_all.cut
 Straight input of comment_all.cut.
(./comment_all.cut) Including 'warpHTML' comment.
\openout3 = comment_html.cut

Straight input of comment_html.cut. (./comment_html.cut)
Including 'warpall' comment.
\openout3 = comment_all.cut
 Straight input of comment_all.cut.
(./comment_all.cut) Including 'warpHTML' comment.
\openout3 = comment_html.cut

Straight input of comment_html.cut. (./comment_html.cut)
Including 'warpHTML' comment.
\openout3 = comment_html.cut
 Straight input of comment_html.cut.
(./comment_html.cut) Including 'warpHTML' comment.
\openout3 = comment_html.cut

Straight input of comment_html.cut. (./comment_html.cut)
Including 'warpall' comment.
\openout3 = comment_all.cut
 Straight input of comment_all.cut.
(./comment_all.cut
\HTMLvleftskip=\skip55
\HTMLleftmargini=\skip56
) Including 'warpall' comment.
\openout3 = comment_all.cut

Straight input of comment_all.cut. (./comment_all.cut
\VerbatimHTMLWidth=\skip57
)
Including 'warpHTML' comment.
\openout3 = comment_html.cut
 Straight input of comment_html.cut.
(./comment_html.cut) Including 'warpHTML' comment.
\openout3 = comment_html.cut

Straight input of comment_html.cut. (./comment_html.cut)
Including 'warpHTML' comment.
\openout3 = comment_html.cut
 Straight input of comment_html.cut.
(./comment_html.cut) Including 'warpHTML' comment.
\openout3 = comment_html.cut

Straight input of comment_html.cut. (./comment_html.cut
\c@LWR@hlines=\count292
\c@LWR@hdashedlines=\count293
\c@LWR@tabulardepth=\count294
\c@LWR@tabularpardepth=\count295
\c@LWR@tablecolspecwidth=\count296
\c@LWR@tablecolspecindex=\count297
\c@LWR@tableLaTeXcolindex=\count298
\c@LWR@tabletotalLaTeXcols=\count299
\c@LWR@tabletotalLaTeXcolsnext=\count300
\c@LWR@cellcolordepth=\count301
\c@LWR@tablemulticolswidth=\count302
\c@LWR@tablemulticolspos=\count303
\c@LWR@mcolvertbarsl=\count304
\c@LWR@mcolvertbarsr=\count305
\c@LWR@mcolvertbarsldash=\count306
\c@LWR@mcolvertbarsrdash=\count307
\c@LWR@midrulecounter=\count308
)
Including 'warpHTML' comment.
\openout3 = comment_html.cut
 Straight input of comment_html.cut.
(./comment_html.cut) Excluding 'warpprint' comment.
Including 'warpHTML' comment.
\openout3 = comment_html.cut
 Straight input of comment_html.cut.
(./comment_html.cut
\rownum=\count309
\LWR@heavyrulewidth=\skip58
\LWR@lightrulewidth=\skip59
\LWR@cmidrulewidth=\skip60
\LWR@thiscmidrulewidth=\skip61
\c@LWR@lastmulticolumn=\count310
\c@LWR@tabhtmlcolindex=\count311
\c@LWR@tabhtmlcolend=\count312
\c@LWR@tabhtmlcoltotal=\count313
) Including 'warpHTML' comment.
\openout3 = comment_html.cut

Straight input of comment_html.cut. (./comment_html.cut)
Including 'warpall' comment.
\openout3 = comment_all.cut
 Straight input of comment_all.cut.
(./comment_all.cut) Including 'warpHTML' comment.
\openout3 = comment_html.cut

Straight input of comment_html.cut. (./comment_html.cut)
Including 'warpall' comment.
\openout3 = comment_all.cut
 Straight input of comment_all.cut.
(./comment_all.cut) Including 'warpHTML' comment.
\openout3 = comment_html.cut

Straight input of comment_html.cut. (./comment_html.cut)
Excluding 'warpprint' comment. Including 'warpHTML' comment.
\openout3 = comment_html.cut

Straight input of comment_html.cut. (./comment_html.cut)
Including 'warpall' comment.
\openout3 = comment_all.cut
 Straight input of comment_all.cut.
(./comment_all.cut) Including 'warpall' comment.
\openout3 = comment_all.cut

Straight input of comment_all.cut. (./comment_all.cut)
Including 'warpHTML' comment.
\openout3 = comment_html.cut
 Straight input of comment_html.cut.
(./comment_html.cut) Including 'warpHTML' comment.
\openout3 = comment_html.cut

Straight input of comment_html.cut. (./comment_html.cut)
Including 'warpHTML' comment.
\openout3 = comment_html.cut
 Straight input of comment_html.cut.
(./comment_html.cut
\c@LWR@thisautoid=\count314
\c@LWR@thisautoidWP=\count315
\c@LWR@nextautoid=\count316
\c@LWR@nextautopage=\count317
 (/usr/share/texmf-dist/tex/latex/capt-of/capt-of.sty
Package: capt-of 2009/12/29 v0.2 standard captions outside of floats
))
Including 'warpHTML' comment.
\openout3 = comment_html.cut
 Straight input of comment_html.cut.
(./comment_html.cut) Including 'warpall' comment.
\openout3 = comment_all.cut

Straight input of comment_all.cut. (./comment_all.cut
\c@SideTOCDepth=\count318
)
Including 'warpHTML' comment.
\openout3 = comment_html.cut
 Straight input of comment_html.cut.
(./comment_html.cut
\c@lofdepth=\count319
\c@lotdepth=\count320
) Including 'warpHTML' comment.
\openout3 = comment_html.cut

Straight input of comment_html.cut. (./comment_html.cut
\c@LWR@autoindex=\count321
\c@LWR@autoglossary=\count322
)
Excluding 'warpprint' comment. Including 'warpall' comment.
\openout3 = comment_all.cut

Straight input of comment_all.cut. (./comment_all.cut)
Including 'warpHTML' comment.
\openout3 = comment_html.cut
 Straight input of comment_html.cut.
(./comment_html.cut) Including 'warpHTML' comment.
\openout3 = comment_html.cut

Straight input of comment_html.cut. (./comment_html.cut)
Including 'warpHTML' comment.
\openout3 = comment_html.cut
 Straight input of comment_html.cut.
(./comment_html.cut) Including 'warpall' comment.
\openout3 = comment_all.cut

Straight input of comment_all.cut. (./comment_all.cut)
Including 'warpHTML' comment.
\openout3 = comment_html.cut
 Straight input of comment_html.cut.
(./comment_html.cut
\c@LWR@externalfilecnt=\count323
\LWR@singledollarwidth=\skip62
\LWR@singledollarheight=\skip63
\LWR@singledollardepth=\skip64
\LWR@singledollarbox=\box53
\c@LWR@nextequation=\count324
) Excluding 'warpprint' comment.
Including 'warpHTML' comment.
\openout3 = comment_html.cut
 Straight input of comment_html.cut.
(./comment_html.cut) Including 'warpHTML' comment.
\openout3 = comment_html.cut

Straight input of comment_html.cut. (./comment_html.cut
\c@LWR@lateximagenumber=\count325
\c@LWR@lateximagedepth=\count326
\c@LWR@LIpage=\count327
)
Including 'warpall' comment.
\openout3 = comment_all.cut
 Straight input of comment_all.cut.
(./comment_all.cut) Including 'warpHTML' comment.
\openout3 = comment_html.cut

Straight input of comment_html.cut. (./comment_html.cut
\c@LWR@startingequation=\count328
)
Excluding 'warpprint' comment. Including 'warpHTML' comment.
\openout3 = comment_html.cut

Straight input of comment_html.cut. (./comment_html.cut)
Including 'warpHTML' comment.
\openout3 = comment_html.cut
 Straight input of comment_html.cut.
(./comment_html.cut) Including 'warpHTML' comment.
\openout3 = comment_html.cut

Straight input of comment_html.cut. (./comment_html.cut)
Excluding 'warpprint' comment. Excluding 'warpprint' comment.
Including 'warpall' comment.
\openout3 = comment_all.cut
 Straight input of comment_all.cut.
(./comment_all.cut) Excluding 'warpprint' comment.
Including 'warpHTML' comment.
\openout3 = comment_html.cut
 Straight input of comment_html.cut.
(./comment_html.cut) Including 'warpHTML' comment.
\openout3 = comment_html.cut

Straight input of comment_html.cut. (./comment_html.cut)
Including 'warpHTML' comment.
\openout3 = comment_html.cut
 Straight input of comment_html.cut.
(./comment_html.cut) Including 'warpHTML' comment.
\openout3 = comment_html.cut

Straight input of comment_html.cut. (./comment_html.cut
\LWR@minipagewidth=\skip65
\LWR@minipageheight=\skip66
\c@LWR@virtualpagedepth=\count329
)
Excluding 'warpprint' comment. Including 'warpHTML' comment.
\openout3 = comment_html.cut

Straight input of comment_html.cut. (./comment_html.cut
\c@LWR@minipage@depth=\count330
\c@LWR@mpfootnote@store=\count331
\LWR@atleastonept=\skip67
)
Including 'warpall' comment.
\openout3 = comment_all.cut
 Straight input of comment_all.cut.
(./comment_all.cut) Including 'warpHTML' comment.
\openout3 = comment_html.cut

Straight input of comment_html.cut. (./comment_html.cut)
Including 'warpall' comment.
\openout3 = comment_all.cut
 Straight input of comment_all.cut.
(./comment_all.cut
\LWR@fminipagebox=\box54
) Including 'warpHTML' comment.
\openout3 = comment_html.cut

Straight input of comment_html.cut. (./comment_html.cut)
Including 'warpall' comment.
\openout3 = comment_all.cut
 Straight input of comment_all.cut.
(./comment_all.cut) Including 'warpHTML' comment.
\openout3 = comment_html.cut

Straight input of comment_html.cut. (./comment_html.cut
\c@LWR@textcurrentfontdepth=\count332
)
Excluding 'warpprint' comment. Including 'warpHTML' comment.
\openout3 = comment_html.cut

Straight input of comment_html.cut. (./comment_html.cut
\LWR@tempwidth=\skip68
\LWR@tempheight=\skip69
\LWR@tempraise=\skip70
)
Including 'warpHTML' comment.
\openout3 = comment_html.cut
 Straight input of comment_html.cut.
(./comment_html.cut) Including 'warpall' comment.
\openout3 = comment_all.cut

Straight input of comment_all.cut. (./comment_all.cut)
Including 'warpHTML' comment.
\openout3 = comment_html.cut
 Straight input of comment_html.cut.
(./comment_html.cut) Including 'warpHTML' comment.
\openout3 = comment_html.cut

Straight input of comment_html.cut. (./comment_html.cut)
Including 'warpHTML' comment.
\openout3 = comment_html.cut
 Straight input of comment_html.cut.
(./comment_html.cut (/usr/share/texmf-dist/tex/latex/lwarp/lwarp-array.sty
Package lwarp Info: Using package `array',
(lwarp)             and adding lwarp modifications, including options,
(lwarp)              on input line 23.
Package: lwarp-array 2018/12/30

(/usr/share/texmf-dist/tex/latex/tools/array.sty
Package: array 2021/10/04 v2.5f Tabular extension package (FMi)
\col@sep=\dimen151
\ar@mcellbox=\box55
\extrarowheight=\dimen152
\NC@list=\toks22
\extratabsurround=\skip71
\backup@length=\skip72
\ar@cellbox=\box56
)))
Including 'warpHTML' comment.
\openout3 = comment_html.cut
 Straight input of comment_html.cut.
(./comment_html.cut) Including 'warpHTML' comment.
\openout3 = comment_html.cut

Straight input of comment_html.cut. (./comment_html.cut)
(/usr/share/texmf-dist/tex/latex/lwarp/lwarp-textcomp.sty
Package lwarp Info: Using package `textcomp',
(lwarp)             and adding lwarp modifications, including options,
(lwarp)              on input line 21.
Package: lwarp-textcomp 2017/04/05

(/usr/share/texmf-dist/tex/latex/base/textcomp.sty
Package: textcomp 2020/02/02 v2.0n Standard LaTeX package
))
Including 'warpHTML' comment.
\openout3 = comment_html.cut
 Straight input of comment_html.cut.
(./comment_html.cut) Including 'warpHTML' comment.
\openout3 = comment_html.cut

Straight input of comment_html.cut. (./comment_html.cut)
Excluding 'warpprint' comment. Including 'warpHTML' comment.
\openout3 = comment_html.cut

Straight input of comment_html.cut. (./comment_html.cut)
Including 'warpHTML' comment.
\openout3 = comment_html.cut
 Straight input of comment_html.cut.
(./comment_html.cut) Including 'warpHTML' comment.
\openout3 = comment_html.cut

Straight input of comment_html.cut. (./comment_html.cut)
Including 'warpHTML' comment.
\openout3 = comment_html.cut
 Straight input of comment_html.cut.
(./comment_html.cut) Including 'warpHTML' comment.
\openout3 = comment_html.cut

Straight input of comment_html.cut. (./comment_html.cut))
(/usr/share/texmf-dist/tex/latex/polyglossia/polyglossia.sty
Package: polyglossia 2022/04/10 v1.55a Modern multilingual typesetting with XeL
aTeX and LuaLaTeX

(/usr/share/texmf-dist/tex/latex/makecmds/makecmds.sty
Package: makecmds 2009/09/03 v1.0a extra command making commands
)
(/usr/share/texmf-dist/tex/latex/xkeyval/xkeyval.sty
Package: xkeyval 2020/11/20 v2.8 package option processing (HA)

(/usr/share/texmf-dist/tex/generic/xkeyval/xkeyval.tex
(/usr/share/texmf-dist/tex/generic/xkeyval/xkvutils.tex
\XKV@toks=\toks23
\XKV@tempa@toks=\toks24
)
\XKV@depth=\count333
File: xkeyval.tex 2014/12/03 v2.7a key=value parser (HA)
))
(/usr/share/texmf-dist/tex/latex/l3packages/l3keys2e/l3keys2e.sty
Package: l3keys2e 2022-01-12 LaTeX2e option processing using LaTeX3 keys
)
(/usr/share/texmf-dist/tex/luatex/luatexbase/luatexbase.sty
Package: luatexbase 2015/10/04 v1.3 luatexbase interface to LuaTeX 

(/usr/share/texmf-dist/tex/luatex/ctablestack/ctablestack.sty
Package: ctablestack 2015/10/01 v1.0 Catcode table stable support
\@catcodetablestackcnt=\count334
)
\CatcodeTableOther=\catcodetable12
\CatcodeTableExpl=\catcodetable13
)
Lua module: polyglossia 2013/05/11 1.3 Polyglossia
(/usr/share/texmf-dist/tex/latex/polyglossia/gloss-latex.lde
Package: gloss-latex 2021/07/10 vv1.53 polyglossia: module for default language

The property list \polyglossia@langsetup contains the pairs (without outer
braces):
>  {latex/script}  =>  {latin}
>  {latex/lcscript}  =>  {latin}
>  {latex/scripttag}  =>  {}
>  {latex/language}  =>  {Latex}
>  {latex/langtag}  =>  {ENG}
>  {latex/bcp47}  =>  {}
>  {latex/hyphennames}  =>  {english}
>  {latex/direction}  =>  {LR}
>  {latex/hyphenmins}  =>  {2,3}
>  {latex/frenchspacing}  =>  {false}
>  {latex/indentfirst}  =>  {false}
>  {latex/fontsetup}  =>  {true}
>  {latex/envname}  =>  {latex}
>  {latex/babelname}  =>  {latex}
>  {latex/localnumeral}  =>  {polyglossia@C@localnumeral}
>  {latex/Localnumeral}  =>  {polyglossia@C@localnumeral}
>  {latex/DefineCommandsCmd}  =>  {use_none:n}.
)
Package polyglossia Info: Default language is latex.
Package polyglossia Info: Setting LuaTeX font renderer to Harfbuzz.
)
(/usr/share/texmf-dist/tex/latex/polyglossia/gloss-spanish.ldf
File: gloss-spanish.ldf polyglossia: module for spanish
The property list \polyglossia@langsetup contains the pairs (without outer
braces):
>  {latex/script}  =>  {latin}
>  {latex/lcscript}  =>  {latin}
>  {latex/scripttag}  =>  {}
>  {latex/language}  =>  {Latex}
>  {latex/langtag}  =>  {ENG}
>  {latex/bcp47}  =>  {}
>  {latex/hyphennames}  =>  {english}
>  {latex/direction}  =>  {LR}
>  {latex/hyphenmins}  =>  {2,3}
>  {latex/frenchspacing}  =>  {false}
>  {latex/indentfirst}  =>  {false}
>  {latex/fontsetup}  =>  {true}
>  {latex/envname}  =>  {latex}
>  {latex/babelname}  =>  {latex}
>  {latex/localnumeral}  =>  {polyglossia@C@localnumeral}
>  {latex/Localnumeral}  =>  {polyglossia@C@localnumeral}
>  {latex/DefineCommandsCmd}  =>  {use_none:n}
>  {spanish/script}  =>  {latin}
>  {spanish/lcscript}  =>  {latin}
>  {spanish/scripttag}  =>  {}
>  {spanish/language}  =>  {Spanish}
>  {spanish/langtag}  =>  {ESP}
>  {spanish/bcp47}  =>  {es-ES}
>  {spanish/hyphennames}  =>  {spanish}
>  {spanish/direction}  =>  {LR}
>  {spanish/hyphenmins}  =>  {2,2}
>  {spanish/frenchspacing}  =>  {true}
>  {spanish/indentfirst}  =>  {true}
>  {spanish/fontsetup}  =>  {true}
>  {spanish/envname}  =>  {spanish}
>  {spanish/babelname}  =>  {spanish}
>  {spanish/localnumeral}  =>  {polyglossia@C@localnumeral}
>  {spanish/Localnumeral}  =>  {polyglossia@C@localnumeral}
>  {spanish/DefineCommandsCmd}  =>  {xpg_define_language_commands:e}
>  {spanish/totalhyphenmin}  =>  {5}.
Module polyglossia Info: Language data for spanish
(polyglossia)            hyphenation	
(polyglossia)            loader	loadhyph-es.tex
(polyglossia)            righthyphenmin	2
(polyglossia)            lefthyphenmin	2
(polyglossia)            patterns	hyph-es.pat.txt
(polyglossia)            synonyms	espanol on input line 13
Module polyglossia Info: Language spanish was not yet loaded; created with id 2 
on input line 13
Package polyglossia Info: Option: spanish, variant=spanish.
Package polyglossia Info: Option: Spanish, spanishoperators=none.
)
Package polyglossia Info: Default language is spanish.

(/usr/share/texmf-dist/tex/latex/lwarp/lwarp-booktabs.sty
Package lwarp Info: Using package `booktabs',
(lwarp)             and adding lwarp modifications, including options,
(lwarp)              on input line 27.
Package: lwarp-booktabs 2019/10/08

(/usr/share/texmf-dist/tex/latex/booktabs/booktabs.sty
Package: booktabs 2020/01/12 v1.61803398 Publication quality tables
\heavyrulewidth=\dimen153
\lightrulewidth=\dimen154
\cmidrulewidth=\dimen155
\belowrulesep=\dimen156
\belowbottomsep=\dimen157
\aboverulesep=\dimen158
\abovetopsep=\dimen159
\cmidrulesep=\dimen160
\cmidrulekern=\dimen161
\defaultaddspace=\dimen162
\@cmidla=\count335
\@cmidlb=\count336
\@aboverulesep=\dimen163
\@belowrulesep=\dimen164
\@thisruleclass=\count337
\@lastruleclass=\count338
\@thisrulewidth=\dimen165
)
Excluding 'warpMathJax' comment.)
(/usr/share/texmf-dist/tex/latex/lwarp/lwarp-paralist.sty
Package lwarp Info: Using package `paralist',
(lwarp)             and adding lwarp modifications, including options,
(lwarp)              on input line 19.
Package: lwarp-paralist 2017/01/22

(/usr/share/texmf-dist/tex/latex/paralist/paralist.sty
Package: paralist 2017/01/22 v2.7 Extended list environments
\pltopsep=\skip73
\plpartopsep=\skip74
\plitemsep=\skip75
\plparsep=\skip76
\pl@lab=\toks25
))
(/usr/share/texmf-dist/tex/latex/lwarp/lwarp-caption.sty
---
Packages lwarp and caption:
If a ``Missing \begin{document}'' error occurs here,
try using:  \usepackage{caption} \captionsetup{options}
instead of: \usepackage[options]{caption}.
---
Package lwarp Info: Using package `caption',
(lwarp)             and adding lwarp modifications, including options,
(lwarp)              on input line 27.
Package: lwarp-caption 2020/10/26
(/usr/share/texmf-dist/tex/latex/caption/caption.sty
Package: caption 2022/03/01 v3.6b Customizing captions (AR)

(/usr/share/texmf-dist/tex/latex/lwarp/lwarp-caption3.sty
Package lwarp Info: Using package `caption3',
(lwarp)             and adding lwarp modifications, including options,
(lwarp)              on input line 19.
Package: lwarp-caption3 2020/10/21

(/usr/share/texmf-dist/tex/latex/caption/caption3.sty
Package: caption3 2022/03/17 v2.3b caption3 kernel (AR)
\caption@tempdima=\dimen166
\captionmargin=\dimen167
\caption@leftmargin=\dimen168
\caption@rightmargin=\dimen169
\caption@width=\dimen170
\caption@indent=\dimen171
\caption@parindent=\dimen172
\caption@hangindent=\dimen173
Package caption Info: Standard document class detected.
))

LaTeX Warning: You have requested, on input line 50, version
               `2022/01/07' of package lwarp-caption3,
               but only version
               `2020/10/21'
               is available.

\c@caption@flags=\count339
\c@continuedfloat=\count340
)) (/usr/share/texmf-dist/tex/latex/csquotes/csquotes.sty
Package: csquotes 2021-02-22 v5.2l context-sensitive quotations (JAW)
\csq@reset=\count341
\csq@gtype=\count342
\csq@glevel=\count343
\csq@qlevel=\count344
\csq@maxlvl=\count345
\csq@tshold=\count346
\csq@ltx@everypar=\toks26

(/usr/share/texmf-dist/tex/latex/csquotes/csquotes.def
File: csquotes.def 2021-02-22 v5.2l csquotes generic definitions (JAW)
)
Package csquotes Info: Trying to load configuration file 'csquotes.cfg'...
Package csquotes Info: ... configuration file loaded successfully.

(/usr/share/texmf-dist/tex/latex/csquotes/csquotes.cfg
File: csquotes.cfg 
))
(/usr/share/texmf-dist/tex/latex/lwarp/lwarp-biblatex.sty
Package lwarp Info: Using package `biblatex',
(lwarp)             and adding lwarp modifications, including options,
(lwarp)              on input line 23.
Package: lwarp-biblatex 2018/03/04

(/usr/share/texmf-dist/tex/latex/biblatex/biblatex.sty
Package: biblatex 2022/02/02 v3.17 programmable bibliographies (PK/MW)

(/usr/share/texmf-dist/tex/latex/logreq/logreq.sty
Package: logreq 2010/08/04 v1.0 xml request logger
\lrq@indent=\count347

(/usr/share/texmf-dist/tex/latex/logreq/logreq.def
File: logreq.def 2010/08/04 v1.0 logreq spec v1.0
))
(/usr/share/texmf-dist/tex/latex/lwarp/lwarp-url.sty
Package lwarp Info: Using package `url',
(lwarp)             and adding lwarp modifications, including options,
(lwarp)              on input line 22.
Package: lwarp-url 2013/09/16

(/usr/share/texmf-dist/tex/latex/url/url.sty
\Urlmuskip=\muskip16
Package: url 2013/09/16  ver 3.4  Verb mode for urls, etc.
))
\c@tabx@nest=\count348
\c@listtotal=\count349
\c@listcount=\count350
\c@liststart=\count351
\c@liststop=\count352
\c@citecount=\count353
\c@citetotal=\count354
\c@multicitecount=\count355
\c@multicitetotal=\count356
\c@instcount=\count357
\c@maxnames=\count358
\c@minnames=\count359
\c@maxitems=\count360
\c@minitems=\count361
\c@citecounter=\count362
\c@maxcitecounter=\count363
\c@savedcitecounter=\count364
\c@uniquelist=\count365
\c@uniquename=\count366
\c@refsection=\count367
\c@refsegment=\count368
\c@maxextratitle=\count369
\c@maxextratitleyear=\count370
\c@maxextraname=\count371
\c@maxextradate=\count372
\c@maxextraalpha=\count373
\c@abbrvpenalty=\count374
\c@highnamepenalty=\count375
\c@lownamepenalty=\count376
\c@maxparens=\count377
\c@parenlevel=\count378
\blx@tempcnta=\count379
\blx@tempcntb=\count380
\blx@tempcntc=\count381
\c@blx@maxsection=\count382
\c@blx@maxsegment@0=\count383
\blx@notetype=\count384
\blx@parenlevel@text=\count385
\blx@parenlevel@foot=\count386
\c@blx@sectionciteorder@0=\count387
\blx@entrysetcounter=\count388
\blx@biblioinstance=\count389
\labelnumberwidth=\skip77
\labelalphawidth=\skip78
\biblabelsep=\skip79
\bibitemsep=\skip80
\bibnamesep=\skip81
\bibinitsep=\skip82
\bibparsep=\skip83
\bibhang=\skip84
\blx@bcfin=\read4
\blx@bcfout=\write7
\blx@langwohyphens=\language3
\c@mincomprange=\count390
\c@maxcomprange=\count391
\c@mincompwidth=\count392
Package biblatex Info: Trying to load biblatex default data model...
Package biblatex Info: ... file 'blx-dm.def' found.

(/usr/share/texmf-dist/tex/latex/biblatex/blx-dm.def
File: blx-dm.def 2022/02/02 v3.17 biblatex localization (PK/MW)
)
Package biblatex Info: Trying to load biblatex style data model...
Package biblatex Info: ... file 'philosophy-classic.dbx' not found.
Package biblatex Info: Trying to load biblatex custom data model...
Package biblatex Info: ... file 'biblatex-dm.cfg' not found.
\c@afterword=\count393
\c@savedafterword=\count394
\c@annotator=\count395
\c@savedannotator=\count396
\c@author=\count397
\c@savedauthor=\count398
\c@bookauthor=\count399
\c@savedbookauthor=\count400
\c@commentator=\count401
\c@savedcommentator=\count402
\c@editor=\count403
\c@savededitor=\count404
\c@editora=\count405
\c@savededitora=\count406
\c@editorb=\count407
\c@savededitorb=\count408
\c@editorc=\count409
\c@savededitorc=\count410
\c@foreword=\count411
\c@savedforeword=\count412
\c@holder=\count413
\c@savedholder=\count414
\c@introduction=\count415
\c@savedintroduction=\count416
\c@namea=\count417
\c@savednamea=\count418
\c@nameb=\count419
\c@savednameb=\count420
\c@namec=\count421
\c@savednamec=\count422
\c@translator=\count423
\c@savedtranslator=\count424
\c@shortauthor=\count425
\c@savedshortauthor=\count426
\c@shorteditor=\count427
\c@savedshorteditor=\count428
\c@labelname=\count429
\c@savedlabelname=\count430
\c@institution=\count431
\c@savedinstitution=\count432
\c@lista=\count433
\c@savedlista=\count434
\c@listb=\count435
\c@savedlistb=\count436
\c@listc=\count437
\c@savedlistc=\count438
\c@listd=\count439
\c@savedlistd=\count440
\c@liste=\count441
\c@savedliste=\count442
\c@listf=\count443
\c@savedlistf=\count444
\c@location=\count445
\c@savedlocation=\count446
\c@organization=\count447
\c@savedorganization=\count448
\c@origlocation=\count449
\c@savedoriglocation=\count450
\c@origpublisher=\count451
\c@savedorigpublisher=\count452
\c@publisher=\count453
\c@savedpublisher=\count454
\c@language=\count455
\c@savedlanguage=\count456
\c@origlanguage=\count457
\c@savedoriglanguage=\count458
\c@pageref=\count459
\c@savedpageref=\count460
\shorthandwidth=\skip85
\shortjournalwidth=\skip86
\shortserieswidth=\skip87
\shorttitlewidth=\skip88
\shortauthorwidth=\skip89
\shorteditorwidth=\skip90
\locallabelnumberwidth=\skip91
\locallabelalphawidth=\skip92
\localshorthandwidth=\skip93
\localshortjournalwidth=\skip94
\localshortserieswidth=\skip95
\localshorttitlewidth=\skip96
\localshortauthorwidth=\skip97
\localshorteditorwidth=\skip98
Package biblatex Info: Trying to load enhanced support for Unicode engines...
Package biblatex Info: ... file 'blx-unicode.def' found.

(/usr/share/texmf-dist/tex/latex/biblatex/blx-unicode.def)
Package biblatex Info: Trying to load compatibility code...
Package biblatex Info: ... file 'blx-compat.def' found.

(/usr/share/texmf-dist/tex/latex/biblatex/blx-compat.def
File: blx-compat.def 2022/02/02 v3.17 biblatex compatibility (PK/MW)
)
Package biblatex Info: Trying to load generic definitions...
Package biblatex Info: ... file 'biblatex.def' found.

(/usr/share/texmf-dist/tex/latex/biblatex/biblatex.def
File: biblatex.def 2022/02/02 v3.17 biblatex compatibility (PK/MW)
\c@textcitecount=\count461
\c@textcitetotal=\count462
\c@textcitemaxnames=\count463
\c@biburlbigbreakpenalty=\count464
\c@biburlbreakpenalty=\count465
\c@biburlnumpenalty=\count466
\c@biburlucpenalty=\count467
\c@biburllcpenalty=\count468
\biburlbigskip=\muskip17
\biburlnumskip=\muskip18
\biburlucskip=\muskip19
\biburllcskip=\muskip20
\c@smartand=\count469
)
Package biblatex Info: Trying to load bibliography style 'philosophy-classic'..
.
Package biblatex Info: ... file 'philosophy-classic.bbx' found.

(/usr/share/texmf-dist/tex/latex/biblatex-philosophy/philosophy-classic.bbx
File: philosophy-classic.bbx 2021/11/06 v1.9.8f A set of styles for biblatex
Package biblatex Info: Trying to load bibliography style 'authoryear-comp'...
Package biblatex Info: ... file 'authoryear-comp.bbx' found.

(/usr/share/texmf-dist/tex/latex/biblatex/bbx/authoryear-comp.bbx
File: authoryear-comp.bbx 2022/02/02 v3.17 biblatex bibliography style (PK/MW)
Package biblatex Info: Trying to load bibliography style 'authoryear'...
Package biblatex Info: ... file 'authoryear.bbx' found.

(/usr/share/texmf-dist/tex/latex/biblatex/bbx/authoryear.bbx
File: authoryear.bbx 2022/02/02 v3.17 biblatex bibliography style (PK/MW)
Package biblatex Info: Trying to load bibliography style 'standard'...
Package biblatex Info: ... file 'standard.bbx' found.

(/usr/share/texmf-dist/tex/latex/biblatex/bbx/standard.bbx
File: standard.bbx 2022/02/02 v3.17 biblatex bibliography style (PK/MW)
\c@bbx:relatedcount=\count470
\c@bbx:relatedtotal=\count471
)))
Package biblatex Info: Trying to load bibliography style 'philosophy-standard'.
..
Package biblatex Info: ... file 'philosophy-standard.bbx' found.

(/usr/share/texmf-dist/tex/latex/biblatex-philosophy/philosophy-standard.bbx
File: philosophy-standard.bbx 2021/11/06 v1.9.8f A set of styles for biblatex
\c@maxnamesincross=\count472
\c@minnamesincross=\count473
))
Package biblatex Info: Trying to load citation style 'philosophy-classic'...
Package biblatex Info: ... file 'philosophy-classic.cbx' found.

(/usr/share/texmf-dist/tex/latex/biblatex-philosophy/philosophy-classic.cbx
File: philosophy-classic.cbx 2021/11/06 v1.9.8f A set of styles for biblatex
Package biblatex Info: Trying to load citation style 'authoryear-comp'...
Package biblatex Info: ... file 'authoryear-comp.cbx' found.

(/usr/share/texmf-dist/tex/latex/biblatex/cbx/authoryear-comp.cbx
File: authoryear-comp.cbx 2022/02/02 v3.17 biblatex citation style (PK/MW)
Package biblatex Info: Redefining '\cite'.
Package biblatex Info: Redefining '\parencite'.
Package biblatex Info: Redefining '\footcite'.
Package biblatex Info: Redefining '\footcitetext'.
Package biblatex Info: Redefining '\smartcite'.
Package biblatex Info: Redefining '\textcite'.
Package biblatex Info: Redefining '\textcites'.
Package biblatex Info: Redefining '\cites'.
Package biblatex Info: Redefining '\parencites'.
Package biblatex Info: Redefining '\footcites'.
Package biblatex Info: Redefining '\footcitetexts'.
Package biblatex Info: Redefining '\smartcites'.
)
Package biblatex Info: Redefining '\citetitle'.
Package biblatex Info: Redefining '\citeyear'.
Package biblatex Info: Redefining '\citedate'.
Package biblatex Info: Redefining '\fullcite'.
)
Package biblatex Info: Trying to load configuration file...
Package biblatex Info: ... file 'biblatex.cfg' found.

(/usr/share/texmf-dist/tex/latex/biblatex/biblatex.cfg
File: biblatex.cfg 
)
Package biblatex Info: Input encoding 'utf8' specified.
Package biblatex Info: Document encoding is UTF8 ....
Package biblatex Info: ... and expl3
(biblatex)             2022-04-10 L3 programming layer (loader) 
(biblatex)             is new enough (at least 2020/04/06),
(biblatex)             setting 'casechanger=expl3'.

(/usr/share/texmf-dist/tex/latex/biblatex/blx-case-expl3.sty
Package: blx-case-expl3 2022/02/02 v3.17 expl3 case changing code for biblatex
)))
(/usr/share/texmf-dist/tex/latex/esindex/esindex.sty
Package: esindex 2019/10/10 v1.7 Spanish indexes (and more)
\everyesindex=\toks27
)
(/usr/share/texmf-dist/tex/latex/lwarp/lwarp-imakeidx.sty
Package lwarp Info: Using package `imakeidx',
(lwarp)             and adding lwarp modifications, including options,
(lwarp)              on input line 18.
Package: lwarp-imakeidx 2016/10/15

(/usr/share/texmf-dist/tex/latex/imakeidx/imakeidx.sty
Package: imakeidx 2016/10/15 v1.3e Package for typesetting indices in a synchro
nous mode

(/usr/share/texmf-dist/tex/generic/iftex/ifxetex.sty
Package: ifxetex 2019/10/25 v0.7 ifxetex legacy package. Use iftex instead.
)
(/usr/share/texmf-dist/tex/latex/lwarp/lwarp-multicol.sty
Package lwarp Info: Replacing package `multicol' with the lwarp version,
(lwarp)             and discarding options, on input line 21.
Package: lwarp-multicol 2021/10/28
\premulticols=\skip99
\postmulticols=\skip100
\multicolsep=\skip101
\multicolbaselineskip=\skip102
\multicoltolerance=\skip103
\multicolpretolerance=\skip104
\c@columnbadness=\count474
\c@finalcolumnbadness=\count475
\c@collectmore=\count476
\c@unbalance=\count477
\multicolovershoot=\skip105
\multicolundershoot=\skip106
)))
\MAURO_html@idxfile=\write8

\openout8 = MAURO_html.idx

Writing index file MAURO_html.idx
(/usr/share/texmf-dist/tex/latex/lwarp/lwarp-xcolor.sty
Package lwarp Info: Using package `xcolor',
(lwarp)             and adding lwarp modifications, including options,
(lwarp)              on input line 21.
Package: lwarp-xcolor 2016/05/11

(/usr/share/texmf-dist/tex/latex/xcolor/xcolor.sty
Package: xcolor 2021/10/31 v2.13 LaTeX color extensions (UK)

(/usr/share/texmf-dist/tex/latex/graphics-cfg/color.cfg
File: color.cfg 2016/01/02 v1.6 sample color configuration
)
Package xcolor Info: Driver file: luatex.def on input line 227.

(/usr/share/texmf-dist/tex/latex/graphics-def/luatex.def
File: luatex.def 2021/06/01 v1.2c Graphics/color driver for luatex
)
Package xcolor Info: Model `cmy' substituted by `cmy0' on input line 1352.
Package xcolor Info: Model `hsb' substituted by `rgb' on input line 1356.
Package xcolor Info: Model `RGB' extended on input line 1368.
Package xcolor Info: Model `HTML' substituted by `rgb' on input line 1370.
Package xcolor Info: Model `Hsb' substituted by `hsb' on input line 1371.
Package xcolor Info: Model `tHsb' substituted by `hsb' on input line 1372.
Package xcolor Info: Model `HSB' substituted by `hsb' on input line 1373.
Package xcolor Info: Model `Gray' substituted by `gray' on input line 1374.
Package xcolor Info: Model `wave' substituted by `hsb' on input line 1375.
))
(/usr/share/texmf-dist/tex/latex/lwarp/lwarp-graphicx.sty
Package lwarp Info: Using package `graphicx',
(lwarp)             and adding lwarp modifications, including options,
(lwarp)              on input line 20.
Package: lwarp-graphicx 2020/09/09

(/usr/share/texmf-dist/tex/latex/graphics/graphicx.sty
Package: graphicx 2021/09/16 v1.2d Enhanced LaTeX Graphics (DPC,SPQR)

(/usr/share/texmf-dist/tex/latex/lwarp/lwarp-graphics.sty
Package lwarp Info: Using package `graphics',
(lwarp)             and adding lwarp modifications, including options,
(lwarp)              on input line 20.
Package: lwarp-graphics 2020/08/30

(/usr/share/texmf-dist/tex/latex/graphics/graphics.sty
Package: graphics 2021/03/04 v1.4d Standard LaTeX Graphics (DPC,SPQR)

(/usr/share/texmf-dist/tex/latex/graphics/trig.sty
Package: trig 2021/08/11 v1.11 sin cos tan (DPC)
)
(/usr/share/texmf-dist/tex/latex/graphics-cfg/graphics.cfg
File: graphics.cfg 2016/06/04 v1.11 sample graphics configuration
)
Package graphics Info: Driver file: luatex.def on input line 107.
)
\LWR@igwidth=\skip107
\LWR@igheight=\skip108
\LWR@imagesizebox=\box57
)
\Gin@req@height=\dimen174
\Gin@req@width=\dimen175
))
(/usr/share/texmf-dist/tex/latex/lwarp/lwarp-hyperref.sty
Package lwarp Info: Using the lwarp HTML version of package `hyperref',
(lwarp)             and discarding options except backref, pagebackref.
(lwarp)             (Not using \ProvidesPackage, so that other packages
(lwarp)             do not attempt to patch lwarp's version of `hyperref'.)
(lwarp)              on input line 25.
)
(/usr/share/texmf-dist/tex/latex/lwarp/lwarp-cleveref.sty
Package lwarp Info: Using package `cleveref',
(lwarp)             and adding lwarp modifications, including options,
(lwarp)              on input line 18.
Package: lwarp-cleveref 2018/03/27

(/usr/share/texmf-dist/tex/latex/cleveref/cleveref.sty
Package: cleveref 2018/03/27 v0.21.4 Intelligent cross-referencing
))
\LWR@userspaperwidth=\skip109
\LWR@userspaperheight=\skip110
\LWR@usersmarginparwidth=\skip111
\LWR@userstextwidth=\skip112
\LWR@userstextheight=\skip113
Package csquotes Info: Checking for multilingual support...
Package csquotes Info: ... found 'polyglossia' package.
Package csquotes Info: Adjusting default style.
Package csquotes Info: Redefining alias 'default' -> 'spanish'.


Package biblatex Warning: Patching footnotes failed.
(biblatex)                Footnote detection will not work.

(./MAURO_html.aux
LaTeX Info: Redefining \rmfamily on input line 10.
LaTeX Info: Redefining \sffamily on input line 10.
LaTeX Info: Redefining \ttfamily on input line 10.
Package polyglossia Info: totalhyphenmin:'5'.
)
\openout1 = MAURO_html.aux

LaTeX Font Info:    Checking defaults for OML/cmm/m/it on input line 309.
LaTeX Font Info:    ... okay on input line 309.
LaTeX Font Info:    Checking defaults for OMS/cmsy/m/n on input line 309.
LaTeX Font Info:    ... okay on input line 309.
LaTeX Font Info:    Checking defaults for OT1/cmr/m/n on input line 309.
LaTeX Font Info:    ... okay on input line 309.
LaTeX Font Info:    Checking defaults for T1/cmr/m/n on input line 309.
LaTeX Font Info:    ... okay on input line 309.
LaTeX Font Info:    Checking defaults for TS1/cmr/m/n on input line 309.
LaTeX Font Info:    Trying to load font information for TS1+cmr on input line 3
09.
 (/usr/share/texmf-dist/tex/latex/base/ts1cmr.fd
File: ts1cmr.fd 2019/12/16 v2.5j Standard LaTeX font definitions
)
LaTeX Font Info:    ... okay on input line 309.
LaTeX Font Info:    Checking defaults for TU/lmr/m/n on input line 309.
LaTeX Font Info:    ... okay on input line 309.
LaTeX Font Info:    Checking defaults for OMX/cmex/m/n on input line 309.
LaTeX Font Info:    ... okay on input line 309.
LaTeX Font Info:    Checking defaults for U/cmr/m/n on input line 309.
LaTeX Font Info:    ... okay on input line 309.

Package fontspec Info: Adjusting the maths setup (use [no-math] to avoid
(fontspec)             this).

\symlegacymaths=\mathgroup4
LaTeX Font Info:    Overwriting symbol font `legacymaths' in version `bold'
(Font)                  OT1/cmr/m/n --> OT1/cmr/bx/n on input line 309.
LaTeX Font Info:    Redeclaring math accent \acute on input line 309.
LaTeX Font Info:    Redeclaring math accent \grave on input line 309.
LaTeX Font Info:    Redeclaring math accent \ddot on input line 309.
LaTeX Font Info:    Redeclaring math accent \tilde on input line 309.
LaTeX Font Info:    Redeclaring math accent \bar on input line 309.
LaTeX Font Info:    Redeclaring math accent \breve on input line 309.
LaTeX Font Info:    Redeclaring math accent \check on input line 309.
LaTeX Font Info:    Redeclaring math accent \hat on input line 309.
LaTeX Font Info:    Redeclaring math accent \dot on input line 309.
LaTeX Font Info:    Redeclaring math accent \mathring on input line 309.
LaTeX Font Info:    Redeclaring math symbol \colon on input line 309.
LaTeX Font Info:    Redeclaring math symbol \Gamma on input line 309.
LaTeX Font Info:    Redeclaring math symbol \Delta on input line 309.
LaTeX Font Info:    Redeclaring math symbol \Theta on input line 309.
LaTeX Font Info:    Redeclaring math symbol \Lambda on input line 309.
LaTeX Font Info:    Redeclaring math symbol \Xi on input line 309.
LaTeX Font Info:    Redeclaring math symbol \Pi on input line 309.
LaTeX Font Info:    Redeclaring math symbol \Sigma on input line 309.
LaTeX Font Info:    Redeclaring math symbol \Upsilon on input line 309.
LaTeX Font Info:    Redeclaring math symbol \Phi on input line 309.
LaTeX Font Info:    Redeclaring math symbol \Psi on input line 309.
LaTeX Font Info:    Redeclaring math symbol \Omega on input line 309.
LaTeX Font Info:    Redeclaring math symbol \mathdollar on input line 309.
LaTeX Font Info:    Redeclaring symbol font `operators' on input line 309.
LaTeX Font Info:    Encoding `OT1' has changed to `TU' for symbol font
(Font)              `operators' in the math version `normal' on input line 309.

LaTeX Font Info:    Overwriting symbol font `operators' in version `normal'
(Font)                  OT1/cmr/m/n --> TU/lmr/m/n on input line 309.
LaTeX Font Info:    Encoding `OT1' has changed to `TU' for symbol font
(Font)              `operators' in the math version `bold' on input line 309.
LaTeX Font Info:    Overwriting symbol font `operators' in version `bold'
(Font)                  OT1/cmr/bx/n --> TU/lmr/m/n on input line 309.
LaTeX Font Info:    Overwriting symbol font `operators' in version `normal'
(Font)                  TU/lmr/m/n --> TU/lmr/m/n on input line 309.
LaTeX Font Info:    Overwriting math alphabet `\mathit' in version `normal'
(Font)                  OT1/cmr/m/it --> TU/lmr/m/it on input line 309.
LaTeX Font Info:    Overwriting math alphabet `\mathbf' in version `normal'
(Font)                  OT1/cmr/bx/n --> TU/lmr/b/n on input line 309.
LaTeX Font Info:    Overwriting math alphabet `\mathsf' in version `normal'
(Font)                  OT1/cmss/m/n --> TU/lmss/m/n on input line 309.
LaTeX Font Info:    Overwriting math alphabet `\mathtt' in version `normal'
(Font)                  OT1/cmtt/m/n --> TU/lmtt/m/n on input line 309.
LaTeX Font Info:    Overwriting symbol font `operators' in version `bold'
(Font)                  TU/lmr/m/n --> TU/lmr/b/n on input line 309.
LaTeX Font Info:    Overwriting math alphabet `\mathit' in version `bold'
(Font)                  OT1/cmr/bx/it --> TU/lmr/b/it on input line 309.
LaTeX Font Info:    Overwriting math alphabet `\mathsf' in version `bold'
(Font)                  OT1/cmss/bx/n --> TU/lmss/b/n on input line 309.
LaTeX Font Info:    Overwriting math alphabet `\mathtt' in version `bold'
(Font)                  OT1/cmtt/m/n --> TU/lmtt/b/n on input line 309.

(/usr/share/texmf-dist/tex/latex/lwarp/lwarp-geometry.sty
Package lwarp Info: Replacing package `geometry' with the lwarp version,
(lwarp)             and discarding options, on input line 20.
Package: lwarp-geometry 2018/04/16
)
\LWR@colorminipagebox=\box58


Package lwarp Info: Polyglossia has been loaded. Lwarp also uses cleveref.
(lwarp)             See the cleveref documentation regarding
(lwarp)             polyglossia support. Some languages are not supported.
(lwarp)             --- 
(lwarp)             If the error
(lwarp)               Undefined control sequence ... \__hook begindocument
(lwarp)             occurs here, use the polyglossia macro:
(lwarp)               \setmainlanguage{...} .

*geometry* driver: auto-detecting
*geometry* detected driver: luatex
*geometry* verbose mode - [ preamble ] result:
* driver: luatex
* paper: custom
* layout: <same size as paper>
* layoutoffset:(h,v)=(0.0pt,0.0pt)
* modes: heightrounded 
* h-part:(L,W,R)=(144.54pt, 867.24pt, 433.62pt)
* v-part:(T,H,B)=(72.26999pt, 13586.76001pt, 72.26999pt)
* \paperwidth=1445.4pt
* \paperheight=13731.29999pt
* \textwidth=1011.77557pt
* \textheight=10985.0819pt
* \oddsidemargin=72.27pt
* \evensidemargin=361.35pt
* \topmargin=-30.06749pt
* \headheight=12.0pt
* \headsep=18.06749pt
* \topskip=10.0pt
* \footskip=25.29494pt
* \marginparwidth=125.0pt
* \marginparsep=7.0pt
* \columnsep=10.0pt
* \skip\footins=9.0pt plus 4.0pt minus 2.0pt
* \hoffset=0.0pt
* \voffset=0.0pt
* \mag=1000
* \@twocolumnfalse
* \@twosidefalse
* \@mparswitchfalse
* \@reversemarginfalse
* (1in=72.27pt=25.4mm, 1cm=28.453pt)

The property list \__xpg_alias contains the pairs (without outer braces):
>  {latex/target}  =>  {latex}
>  {spanish/target}  =>  {spanish}
>  {es/target}  =>  {spanish}
>  {es-MX/target}  =>  {spanish}
>  {es-MX/variant}  =>  {mexican}
>  {es-MX/options}  =>  {variant=mexican}
>  {es-ES/target}  =>  {spanish}
>  {es-ES/variant}  =>  {spanish}
>  {es-ES/options}  =>  {variant=spanish}
>  {spanishmx/target}  =>  {spanish}
>  {spanishmx/variant}  =>  {mexican}
>  {spanishmx/options}  =>  {variant=mexican}.
Package caption Info: Begin \AtBeginDocument code.
Package caption Info: End \AtBeginDocument code.
Package biblatex Info: Trying to load language 'spanish' -> 'spanish-philosophy
'...
Package biblatex Info: ... file 'spanish-philosophy.lbx' found.
(/usr/share/texmf-dist/tex/latex/biblatex-philosophy/spanish-philosophy.lbx
File: spanish-philosophy.lbx 2021/11/06 v1.9.8f A set of styles for biblatex
Package biblatex Info: Trying to load language 'spanish'...
Package biblatex Info: ... file 'spanish.lbx' found.

(/usr/share/texmf-dist/tex/latex/biblatex/lbx/spanish.lbx
File: spanish.lbx 2022/02/02 v3.17 biblatex localization (PK/MW)
)
Package biblatex Info: Trying to load language 'spanish'...
Package biblatex Info: ... file 'spanish.lbx' found.

(/usr/share/texmf-dist/tex/latex/biblatex/lbx/spanish.lbx
File: spanish.lbx 2022/02/02 v3.17 biblatex localization (PK/MW)
))
Package biblatex Info: Input encoding 'utf8' specified.
Package biblatex Info: Data encoding 'utf8' specified.
(biblatex)             No need to reencode data.

\openout7 = MAURO_html.bcf
Package biblatex Info: Trying to load bibliographic data...
Package biblatex Info: ... file 'MAURO_html.bbl' found.
 (./MAURO_html.bbl)
Package biblatex Info: Reference section=0 on input line 309.
Package biblatex Info: Reference segment=0 on input line 309.

(/usr/share/texmf-dist/tex/context/base/mkii/supp-pdf.mkii
[Loading MPS to PDF converter (version 2006.09.02).]
\scratchcounter=\count478
\scratchdimen=\dimen176
\scratchbox=\box59
\nofMPsegments=\count479
\nofMParguments=\count480
\everyMPshowfont=\toks28
\MPscratchCnt=\count481
\MPscratchDim=\dimen177
\MPnumerator=\count482
\makeMPintoPDFobject=\count483
\everyMPtoPDFconversion=\toks29
) (/usr/share/texmf-dist/tex/latex/lwarp/lwarp-epstopdf-base.sty
Package lwarp Info: Using package `epstopdf-base',
(lwarp)             and adding lwarp modifications, including options,
(lwarp)              on input line 18.
Package: lwarp-epstopdf-base 2020-01-24

(/usr/share/texmf-dist/tex/latex/epstopdf-pkg/epstopdf-base.sty
Package: epstopdf-base 2020-01-24 v2.11 Base part for package epstopdf
Package epstopdf-base Info: Redefining graphics rule for `.eps' on input line 4
85.

(/usr/share/texmf-dist/tex/latex/latexconfig/epstopdf-sys.cfg
File: epstopdf-sys.cfg 2010/07/13 v1.3 Configuration of (r)epstopdf for TeX Liv
e
)))
\openout5 = MAURO-images.txt

LaTeX Info: Redefining \rmfamily on input line 309.
LaTeX Info: Redefining \sffamily on input line 309.
LaTeX Info: Redefining \ttfamily on input line 309.
Package polyglossia Info: totalhyphenmin:'5'.

\openout6 = MAURO_html.sidetoc
 [1

{/var/lib/texmf/fonts/map/pdftex/updmap/pdftex.map}] (./MAURO_html.toc
LaTeX Info: Redefining \rmfamily on input line 1.
LaTeX Info: Redefining \sffamily on input line 1.
LaTeX Info: Redefining \ttfamily on input line 1.
Package polyglossia Info: totalhyphenmin:'5'.
)
\tf@toc=\write9

\openout9 = MAURO_html.toc
 [2] [3]
(./MAURO_html.sidetoc
LaTeX Info: Redefining \rmfamily on input line 1.
LaTeX Info: Redefining \sffamily on input line 1.
LaTeX Info: Redefining \ttfamily on input line 1.
Package polyglossia Info: totalhyphenmin:'5'.
) [4] [5] [6] [7] [8] (./MAURO_html.sidetoc
LaTeX Info: Redefining \rmfamily on input line 1.
LaTeX Info: Redefining \sffamily on input line 1.
LaTeX Info: Redefining \ttfamily on input line 1.
Package polyglossia Info: totalhyphenmin:'5'.
) [9] [10]
[11] [12] (./MAURO_html.sidetoc
LaTeX Info: Redefining \rmfamily on input line 1.
LaTeX Info: Redefining \sffamily on input line 1.
LaTeX Info: Redefining \ttfamily on input line 1.
Package polyglossia Info: totalhyphenmin:'5'.
) [13] [14] (./MAURO_html.sidetoc
LaTeX Info: Redefining \rmfamily on input line 1.
LaTeX Info: Redefining \sffamily on input line 1.
LaTeX Info: Redefining \ttfamily on input line 1.
Package polyglossia Info: totalhyphenmin:'5'.
) [15] [16]
(./MAURO_html.sidetoc
LaTeX Info: Redefining \rmfamily on input line 1.
LaTeX Info: Redefining \sffamily on input line 1.
LaTeX Info: Redefining \ttfamily on input line 1.
Package polyglossia Info: totalhyphenmin:'5'.
) [17] [18] [19] [20] [21] [22] [23] [24] [25] [26]
[27] [28] [29] [30] [31] [32] [33] [34] [35] [36] [37] [38] [39] [40] [41]
[42] [43] [44] [45] [46] (./MAURO_html.sidetoc
LaTeX Info: Redefining \rmfamily on input line 1.
LaTeX Info: Redefining \sffamily on input line 1.
LaTeX Info: Redefining \ttfamily on input line 1.
Package polyglossia Info: totalhyphenmin:'5'.
) [47] [48] [49] [50] [51]
[52] (./MAURO_html.sidetoc
LaTeX Info: Redefining \rmfamily on input line 1.
LaTeX Info: Redefining \sffamily on input line 1.
LaTeX Info: Redefining \ttfamily on input line 1.
Package polyglossia Info: totalhyphenmin:'5'.
) [53] [54] [55] [56] [57] [58] [59] [60] [61]
[62] [63] [64] [65] [66] [67] [68] [69] [70] [71] [72] [73] [74] [75] [76]
[77] [78]
Overfull \hbox (109.39275pt too wide) in paragraph at lines 949--949
[]\TU/lmr/bx/n/8 Fi-gu-ra 1.1. \TU/lmr/m/n/8 Re-pre-sen-ta-cin gr-fi-ca de 
los mo-men-tos de la pren-sa se-gn la ta-xo-no-ma de [][]\TU/lmtt/m/n/8 <a 
[]></a>[][][][][][][]<a []></a>[]<a href="[]#[]">\TU/lmr/m/n/8 Ha-ber-mas\TU/lm
tt/m/n/8 </a> \TU/lmr/m/n/8 (\TU/lmtt/m/n/8 <a href="[]#[]">\TU/lmr/m/n/8 1991\
TU/lmtt/m/n/8 </a>\TU/lmr/m/n/8 ). 
 []

[79] [80] [81] [82] [83] (./MAURO_html.sidetoc
LaTeX Info: Redefining \rmfamily on input line 1.
LaTeX Info: Redefining \sffamily on input line 1.
LaTeX Info: Redefining \ttfamily on input line 1.
Package polyglossia Info: totalhyphenmin:'5'.
) [84] [85] [86] [87]
(./MAURO_html.sidetoc
LaTeX Info: Redefining \rmfamily on input line 1.
LaTeX Info: Redefining \sffamily on input line 1.
LaTeX Info: Redefining \ttfamily on input line 1.
Package polyglossia Info: totalhyphenmin:'5'.
) [88] [89] [90] [91] [92] [93] [94] [95] [96] [97]
(./MAURO_html.sidetoc
LaTeX Info: Redefining \rmfamily on input line 1.
LaTeX Info: Redefining \sffamily on input line 1.
LaTeX Info: Redefining \ttfamily on input line 1.
Package polyglossia Info: totalhyphenmin:'5'.
) [98] [99] [100] [101] [102] [103] [104] [105] [106]
[107] [108] [109] [110] [111] [112] (./MAURO_html.sidetoc
LaTeX Info: Redefining \rmfamily on input line 1.
LaTeX Info: Redefining \sffamily on input line 1.
LaTeX Info: Redefining \ttfamily on input line 1.
Package polyglossia Info: totalhyphenmin:'5'.
) [113] [114] [115]
[116] [117] [118] [119] [120] [121] [122] [123] (./MAURO_html.sidetoc
LaTeX Info: Redefining \rmfamily on input line 1.
LaTeX Info: Redefining \sffamily on input line 1.
LaTeX Info: Redefining \ttfamily on input line 1.
Package polyglossia Info: totalhyphenmin:'5'.
) [124]
[125] [126] [127] [128] [129] [130] [131] [132] [133] [134] [135] [136]
[137] [138] [139] [140] [141] [142] [143] [144] [145] [146] [147] [148]
[149] [150] [151] [152] [153] [154] [155] [156] [157] [158] [159] [160]
[161] [162] [163] [164] [165] [166] [167] [168] [169] [170] [171] [172]
[173] [174] [175] [176] [177] [178] [179] [180] [181] [182] [183] [184]
[185] [186] [187] [188] [189] [190] [191] [192] [193] [194] [195] [196]
[197] [198] [199] [200] [201] [202] [203] [204] [205] [206] [207] [208]
[209] [210] [211] [212] [213] [214] [215] [216] [217] [218] [219] [220]
[221] [222] [223] [224] [225] [226] [227] [228] [229] [230] [231] [232]
[233] [234] [235] [236] [237] [238] [239] [240] [241] [242] [243] [244]
[245] [246] [247] [248] [249] [250] [251] [252] [253] [254] [255] [256]
[257] [258] [259] [260] [261] [262] [263] [264] [265] [266] [267] [268]
[269] [270] [271] [272] [273] [274] [275] [276] [277] [278] [279] [280]
[281] [282] [283] [284] [285] [286] [287] [288] [289] [290] [291] [292]
[293] [294] [295] [296] [297] [298] [299] [300] [301] [302] [303] [304]
[305] (./MAURO_html.sidetoc
LaTeX Info: Redefining \rmfamily on input line 1.
LaTeX Info: Redefining \sffamily on input line 1.
LaTeX Info: Redefining \ttfamily on input line 1.
Package polyglossia Info: totalhyphenmin:'5'.
) [306] [307] (./MAURO_html.sidetoc
LaTeX Info: Redefining \rmfamily on input line 1.
LaTeX Info: Redefining \sffamily on input line 1.
LaTeX Info: Redefining \ttfamily on input line 1.
Package polyglossia Info: totalhyphenmin:'5'.
)
Underfull \vbox (badness 10000) has occurred while \output is active []

 [308]
[309] [310] (./MAURO_html.sidetoc
LaTeX Info: Redefining \rmfamily on input line 1.
LaTeX Info: Redefining \sffamily on input line 1.
LaTeX Info: Redefining \ttfamily on input line 1.
Package polyglossia Info: totalhyphenmin:'5'.
) [311] [312] [313] [314] [315] [316]
The property list \polyglossia@langsetup contains the pairs (without outer
braces):
>  {latex/script}  =>  {latin}
>  {latex/lcscript}  =>  {latin}
>  {latex/scripttag}  =>  {}
>  {latex/language}  =>  {Latex}
>  {latex/langtag}  =>  {ENG}
>  {latex/bcp47}  =>  {}
>  {latex/hyphennames}  =>  {english}
>  {latex/direction}  =>  {LR}
>  {latex/hyphenmins}  =>  {2,3}
>  {latex/frenchspacing}  =>  {false}
>  {latex/indentfirst}  =>  {false}
>  {latex/fontsetup}  =>  {true}
>  {latex/envname}  =>  {latex}
>  {latex/babelname}  =>  {latex}
>  {latex/localnumeral}  =>  {polyglossia@C@localnumeral}
>  {latex/Localnumeral}  =>  {polyglossia@C@localnumeral}
>  {latex/DefineCommandsCmd}  =>  {use_none:n}
>  {spanish/script}  =>  {latin}
>  {spanish/lcscript}  =>  {latin}
>  {spanish/scripttag}  =>  {}
>  {spanish/language}  =>  {Spanish}
>  {spanish/langtag}  =>  {ESP}
>  {spanish/bcp47}  =>  {es-ES}
>  {spanish/hyphennames}  =>  {spanish}
>  {spanish/direction}  =>  {LR}
>  {spanish/hyphenmins}  =>  {2,2}
>  {spanish/frenchspacing}  =>  {true}
>  {spanish/indentfirst}  =>  {true}
>  {spanish/fontsetup}  =>  {true}
>  {spanish/envname}  =>  {spanish}
>  {spanish/babelname}  =>  {spanish}
>  {spanish/localnumeral}  =>  {polyglossia@C@localnumeral}
>  {spanish/Localnumeral}  =>  {polyglossia@C@localnumeral}
>  {spanish/DefineCommandsCmd}  =>  {xpg_define_language_commands:e}
>  {spanish/totalhyphenmin}  =>  {5}.
The property list \__xpg_alias contains the pairs (without outer braces):
>  {latex/target}  =>  {latex}
>  {spanish/target}  =>  {spanish}
>  {es/target}  =>  {spanish}
>  {es-MX/target}  =>  {spanish}
>  {es-MX/variant}  =>  {mexican}
>  {es-MX/options}  =>  {variant=mexican}
>  {es-ES/target}  =>  {spanish}
>  {es-ES/variant}  =>  {spanish}
>  {es-ES/options}  =>  {variant=spanish}
>  {spanishmx/target}  =>  {spanish}
>  {spanishmx/variant}  =>  {mexican}
>  {spanishmx/options}  =>  {variant=mexican}.

(./MAURO_html.aux
LaTeX Info: Redefining \rmfamily on input line 10.
LaTeX Info: Redefining \sffamily on input line 10.
LaTeX Info: Redefining \ttfamily on input line 10.
Package polyglossia Info: totalhyphenmin:'5'.
)
Package logreq Info: Writing requests to 'MAURO_html.run.xml'.

\openout1 = MAURO_html.run.xml
))

Here is how much of LuaTeX's memory you used:
 30729 strings out of 477762
 931798,1977958 words of node,token memory allocated
 523 words of node memory still in use:
   2 hlist, 1 rule, 3 kern, 1 glyph, 2 attribute, 80 glue_spec, 2 attribute_list
 nodes
   avail lists: 1:7,2:11638,3:4564,4:608,5:1836,6:659,7:84858,8:2,9:3732,10:62,1
1:6437,12:2
 48963 multiletter control sequences out of 65536+600000
 20 fonts using 1376271 bytes
 104i,5n,148p,5941b,2629s stack positions out of 5000i,500n,10000p,200000b,80000s
</usr/share/texmf-dist/fonts/opentype/public/lm/lmroman8-bold.otf></usr/share/te
xmf-dist/fonts/opentype/public/lm/lmroman8-italic.otf></usr/share/texmf-dist/fon
ts/opentype/public/lm/lmroman8-regular.otf></usr/share/texmf-dist/fonts/opentype
/public/lm/lmmono8-regular.otf>
Output written on MAURO_html.pdf (316 pages, 663309 bytes).

PDF statistics: 1023 PDF objects out of 1200 (max. 8388607)
 686 compressed objects within 7 object streams
 0 named destinations out of 1000 (max. 131072)
 1 words of extra memory for PDF output out of 10000 (max. 100000000)

