This is LuaHBTeX, Version 1.15.0 (TeX Live 2022/Arch Linux)  (format=lualatex 2022.11.14)  27 MAR 2023 13:04
 system commands enabled.
**MAURO.tex
(./MAURO.tex
LaTeX2e <2021-11-15> patch level 1
Lua module: luaotfload 2022-03-18 3.21 Lua based OpenType font support
Lua module: lualibs 2021-05-20 2.74 ConTeXt Lua standard libraries.
Lua module: lualibs-extended 2021-05-20 2.74 ConTeXt Lua libraries -- extended c
ollection.
luaotfload | conf : Root cache directory is "/home/alberto/.texlive/texmf-var/lu
atex-cache/generic/names".
luaotfload | init : Loading fontloader "fontloader-2022-02-24.lua" from kpse-res
olved path "/usr/share/texmf-dist/tex/luatex/luaotfload/fontloader-2022-02-24.lu
a".
Lua-only attribute luaotfload@noligature = 1
luaotfload | init : Context OpenType loader version 3.119
Inserting `luaotfload.node_processor' at position 1 in `pre_linebreak_filter'.
Inserting `luaotfload.node_processor' at position 1 in `hpack_filter'.
Inserting `luaotfload.glyph_stream' at position 1 in `glyph_stream_provider'.
Inserting `luaotfload.define_font' at position 1 in `define_font'.
Lua-only attribute luaotfload_color_attribute = 2
luaotfload | conf : Root cache directory is "/home/alberto/.texlive/texmf-var/lu
atex-cache/generic/names".
Inserting `luaotfload.harf.strip_prefix' at position 1 in `find_opentype_file'.
Inserting `luaotfload.harf.strip_prefix' at position 1 in `find_truetype_file'.
Removing  `luaotfload.glyph_stream' from `glyph_stream_provider'.
Inserting `luaotfload.harf.glyphstream' at position 1 in `glyph_stream_provider'
.
Inserting `luaotfload.harf.finalize_vlist' at position 1 in `post_linebreak_filt
er'.
Inserting `luaotfload.harf.finalize_hlist' at position 2 in `hpack_filter'.
Inserting `luaotfload.cleanup_files' at position 1 in `wrapup_run'.
Inserting `luaotfload.harf.finalize_unicode' at position 1 in `finish_pdffile'.
Inserting `luaotfload.glyphinfo' at position 1 in `glyph_info'.
Lua-only attribute luaotfload.letterspace_done = 3
Inserting `luaotfload.aux.set_sscale_dimens' at position 1 in `luaotfload.patch_
font'.
Inserting `luaotfload.aux.set_font_index' at position 2 in `luaotfload.patch_fon
t'.
Inserting `luaotfload.aux.patch_cambria_domh' at position 3 in `luaotfload.patch
_font'.
Inserting `luaotfload.aux.fixup_fontdata' at position 1 in `luaotfload.patch_fon
t_unsafe'.
Inserting `luaotfload.aux.set_capheight' at position 4 in `luaotfload.patch_font
'.
Inserting `luaotfload.aux.set_xheight' at position 5 in `luaotfload.patch_font'.
Inserting `luaotfload.rewrite_fontname' at position 6 in `luaotfload.patch_font'
. L3 programming layer <2022-04-10>
Inserting `tracingstacklevels' at position 1 in `input_level_string'.
(/usr/share/texmf-dist/tex/latex/base/book.cls
Document Class: book 2021/10/04 v1.4n Standard LaTeX document class
(/usr/share/texmf-dist/tex/latex/base/bk10.clo
File: bk10.clo 2021/10/04 v1.4n Standard LaTeX file (size option)
luaotfload | db : Font names database loaded from /home/alberto/.texlive/texmf-v
ar/luatex-cache/generic/names/luaotfload-names.luc.gz)
\c@part=\count183
\c@chapter=\count184
\c@section=\count185
\c@subsection=\count186
\c@subsubsection=\count187
\c@paragraph=\count188
\c@subparagraph=\count189
\c@figure=\count190
\c@table=\count191
\abovecaptionskip=\skip47
\belowcaptionskip=\skip48
\bibindent=\dimen137
)
(/usr/share/texmf-dist/tex/generic/iftex/iftex.sty
Package: iftex 2022/02/03 v1.0f TeX engine tests
)
(/usr/share/texmf-dist/tex/latex/fontspec/fontspec.sty
(/usr/share/texmf-dist/tex/latex/l3packages/xparse/xparse.sty
(/usr/share/texmf-dist/tex/latex/l3kernel/expl3.sty
Package: expl3 2022-04-10 L3 programming layer (loader) 

(/usr/share/texmf-dist/tex/latex/l3backend/l3backend-luatex.def
File: l3backend-luatex.def 2022-04-14 L3 backend support: PDF output (LuaTeX)
\l__color_backend_stack_int=\count192
\l__pdf_internal_box=\box50
))
Package: xparse 2022-01-12 L3 Experimental document command parser
)
Package: fontspec 2022/01/15 v2.8a Font selection for XeLaTeX and LuaLaTeX
Lua module: fontspec 2022/01/15 2.8a Font selection for XeLaTeX and LuaLaTeX
(/usr/share/texmf-dist/tex/latex/fontspec/fontspec-luatex.sty
Package: fontspec-luatex 2022/01/15 v2.8a Font selection for XeLaTeX and LuaLaT
eX
\l__fontspec_script_int=\count193
\l__fontspec_language_int=\count194
\l__fontspec_strnum_int=\count195
\l__fontspec_tmp_int=\count196
\l__fontspec_tmpa_int=\count197
\l__fontspec_tmpb_int=\count198
\l__fontspec_tmpc_int=\count199
\l__fontspec_em_int=\count266
\l__fontspec_emdef_int=\count267
\l__fontspec_strong_int=\count268
\l__fontspec_strongdef_int=\count269
\l__fontspec_tmpa_dim=\dimen138
\l__fontspec_tmpb_dim=\dimen139
\l__fontspec_tmpc_dim=\dimen140

(/usr/share/texmf-dist/tex/latex/base/fontenc.sty
Package: fontenc 2021/04/29 v2.0v Standard LaTeX package
)
(/usr/share/texmf-dist/tex/latex/fontspec/fontspec.cfg)))
(/usr/share/texmf-dist/tex/latex/lwarp/lwarp.sty
Package: lwarp 2022/03/22 v0.905 Allows LaTeX to directly produce HTML5 output.


(/usr/share/texmf-dist/tex/generic/iftex/ifpdf.sty
Package: ifpdf 2019/10/25 v3.4 ifpdf legacy package. Use iftex instead.
)
(/usr/share/texmf-dist/tex/generic/ifptex/ifptex.sty
Package: ifptex 2022/04/03 v2.2 pTeX checker
)
(/usr/share/texmf-dist/tex/latex/etoolbox/etoolbox.sty
Package: etoolbox 2020/10/05 v2.5k e-TeX tools for LaTeX (JAW)
\etb@tempcnta=\count270
)
(/usr/share/texmf-dist/tex/latex/xpatch/xpatch.sty
Package: xpatch 2020/03/25 v0.3a Extending etoolbox patching commands
)
(/usr/share/texmf-dist/tex/latex/ifplatform/ifplatform.sty
Package: ifplatform 2017/10/13 v0.4a Testing for the operating system

(/usr/share/texmf-dist/tex/latex/tools/shellesc.sty
Package: shellesc 2019/11/08 v1.0c unified shell escape interface for LaTeX
Package shellesc Info: Unrestricted shell escape enabled on input line 75.
)
(/usr/share/texmf-dist/tex/generic/pdftexcmds/pdftexcmds.sty
Package: pdftexcmds 2020-06-27 v0.33 Utility functions of pdfTeX for LuaTeX (HO
)

(/usr/share/texmf-dist/tex/generic/infwarerr/infwarerr.sty
Package: infwarerr 2019/12/03 v1.5 Providing info/warning/error messages (HO)
)
(/usr/share/texmf-dist/tex/generic/ltxcmds/ltxcmds.sty
Package: ltxcmds 2020-05-10 v1.25 LaTeX kernel commands for general use (HO)
)
Package pdftexcmds Info: \pdf@primitive is available.
Package pdftexcmds Info: \pdf@ifprimitive is available.
Package pdftexcmds Info: \pdfdraftmode found.
\pdftexcmds@toks=\toks16
)
(/usr/share/texmf-dist/tex/generic/catchfile/catchfile.sty
Package: catchfile 2019/12/09 v1.8 Catch the contents of a file (HO)

(/usr/share/texmf-dist/tex/generic/etexcmds/etexcmds.sty
Package: etexcmds 2019/12/15 v1.7 Avoid name clashes with e-TeX commands (HO)
))
(/usr/share/texmf-dist/tex/generic/iftex/ifluatex.sty
Package: ifluatex 2019/10/25 v1.5 ifluatex legacy package. Use iftex instead.
)
runsystem(uname -s > "MAURO.w18")...executed
 (./MAURO.w18)
runsystem(rm -- "MAURO.w18")...executed
)
(/usr/share/texmf-dist/tex/latex/letltxmacro/letltxmacro.sty
Package: letltxmacro 2019/12/03 v1.6 Let assignment for LaTeX macros (HO)
)
(/usr/share/texmf-dist/tex/latex/newunicodechar/newunicodechar.sty
Package: newunicodechar 2018/04/08 v1.2 Defining Unicode characters
)
\LWR@templengthone=\skip49
\LWR@templengthtwo=\skip50
\LWR@templengththree=\skip51
\c@LWR@tempcountone=\count271
\c@LWR@texboxdepth=\count272

(/usr/share/texmf-dist/tex/latex/kvoptions/kvoptions.sty
Package: kvoptions 2020-10-07 v3.14 Key value format for package options (HO)

(/usr/share/texmf-dist/tex/latex/graphics/keyval.sty
Package: keyval 2014/10/28 v1.15 key=value parser (DPC)
\KV@toks@=\toks17
)
(/usr/share/texmf-dist/tex/generic/kvsetkeys/kvsetkeys.sty
Package: kvsetkeys 2019/12/15 v1.18 Key value parser (HO)
))
(/usr/share/texmf-dist/tex/latex/comment/comment.sty
\CommentStream=\write3

Excluding comment 'comment') Lwarp: Including comment 'warpall'
Lwarp: Excluding comment 'warpHTML' Lwarp: Including comment 'warpprint'
Including 'warpprint' comment.
\openout3 = comment_print.cut
 Straight input of comment_print.cut.
(./comment_print.cut Lwarp: Excluding comment 'warpMathJax')
Excluding 'warpHTML' comment. Including 'warpprint' comment.
\openout3 = comment_print.cut

Straight input of comment_print.cut. (./comment_print.cut
Lwarp: Including comment 'warpsvg') Excluding 'warpHTML' comment.
Lwarp: Excluding comment 'LWRcreatelwarpmk' Excluding 'warpHTML' comment.
Excluding 'warpHTML' comment. Including 'warpall' comment.
\openout3 = comment_all.cut

Straight input of comment_all.cut. (./comment_all.cut
(/usr/share/texmf-dist/tex/latex/tools/calc.sty
Package: calc 2017/05/25 v4.3 Infix arithmetic (KKT,FJ)
\calc@Acount=\count273
\calc@Bcount=\count274
\calc@Adimen=\dimen141
\calc@Bdimen=\dimen142
\calc@Askip=\skip52
\calc@Bskip=\skip53
LaTeX Info: Redefining \setlength on input line 80.
LaTeX Info: Redefining \addtolength on input line 81.
\calc@Ccount=\count275
\calc@Cskip=\skip54
))
Excluding 'warpHTML' comment. Including 'warpall' comment.
\openout3 = comment_all.cut

Straight input of comment_all.cut. (./comment_all.cut)
Excluding 'warpHTML' comment. Including 'warpall' comment.
\openout3 = comment_all.cut

Straight input of comment_all.cut. (./comment_all.cut
(/usr/share/texmf-dist/tex/generic/xstring/xstring.sty
(/usr/share/texmf-dist/tex/generic/xstring/xstring.tex
\integerpart=\count276
\decimalpart=\count277
)
Package: xstring 2021/07/21 v1.84 String manipulations (CT)
)
(/usr/share/texmf-dist/tex/latex/environ/environ.sty
Package: environ 2014/05/04 v0.3 A new way to define environments

(/usr/share/texmf-dist/tex/latex/trimspaces/trimspaces.sty
Package: trimspaces 2009/09/17 v1.1 Trim spaces around a token list
)
\@envbody=\toks18
))
Excluding 'warpHTML' comment. Including 'warpall' comment.
\openout3 = comment_all.cut

Straight input of comment_all.cut. (./comment_all.cut)
Excluding 'warpHTML' comment. Including 'warpall' comment.
\openout3 = comment_all.cut

Straight input of comment_all.cut. (./comment_all.cut
\LWR@quickfile=\write4
)
Excluding 'warpHTML' comment. Excluding 'warpHTML' comment.
Excluding 'warpHTML' comment. Including 'warpall' comment.
\openout3 = comment_all.cut

Straight input of comment_all.cut. (./comment_all.cut)
Excluding 'warpHTML' comment. Including 'warpprint' comment.
\openout3 = comment_print.cut

Straight input of comment_print.cut. (./comment_print.cut)
Including 'warpall' comment.
\openout3 = comment_all.cut
 Straight input of comment_all.cut.
(./comment_all.cut) Excluding 'warpHTML' comment.
Excluding 'warpHTML' comment. Excluding 'warpHTML' comment.
Lwarp: Excluding comment 'LWRwriteconf' Including 'warpprint' comment.
\openout3 = comment_print.cut

Straight input of comment_print.cut. (./comment_print.cut
Package lwarp Info: Generating lwarp configuration files, on input line 12.

Lwarp: Including comment 'LWRwriteconf') Including 'LWRwriteconf' comment.
\openout3 = comment_writeconf.cut

Straight input of comment_writeconf.cut. (./comment_writeconf.cut
\openout4 = MAURO_html.tex
)
Including 'LWRwriteconf' comment.
\openout3 = comment_writeconf.cut
 Straight input of comment_writeconf.cut.
(./comment_writeconf.cut) Including 'LWRwriteconf' comment.
\openout3 = comment_writeconf.cut

Straight input of comment_writeconf.cut. (./comment_writeconf.cut)
Including 'LWRwriteconf' comment.
\openout3 = comment_writeconf.cut
 Straight input of comment_writeconf.cut.
(./comment_writeconf.cut) Including 'LWRwriteconf' comment.
\openout3 = comment_writeconf.cut

Straight input of comment_writeconf.cut. (./comment_writeconf.cut

LaTeX Warning: Writing or overwriting file `./lwarp.css'.


\openout127 = lwarp.css

) Including 'LWRwriteconf' comment.
\openout3 = comment_writeconf.cut
 Straight input of comment_writeconf.cut.
(./comment_writeconf.cut

LaTeX Warning: Writing or overwriting file `./lwarp_sagebrush.css'.


\openout127 = lwarp_sagebrush.css

) Including 'LWRwriteconf' comment.
\openout3 = comment_writeconf.cut
 Straight input of comment_writeconf.cut.
(./comment_writeconf.cut

LaTeX Warning: Writing or overwriting file `./lwarp_formal.css'.


\openout127 = lwarp_formal.css

) Including 'LWRwriteconf' comment.
\openout3 = comment_writeconf.cut
 Straight input of comment_writeconf.cut.
(./comment_writeconf.cut

LaTeX Warning: Writing or overwriting file `./sample_project.css'.


\openout127 = sample_project.css

) Including 'LWRwriteconf' comment.
\openout3 = comment_writeconf.cut
 Straight input of comment_writeconf.cut.
(./comment_writeconf.cut

LaTeX Warning: Writing or overwriting file `./lwarp.ist'.


\openout127 = lwarp.ist

) Including 'LWRwriteconf' comment.
\openout3 = comment_writeconf.cut
 Straight input of comment_writeconf.cut.
(./comment_writeconf.cut

LaTeX Warning: Writing or overwriting file `./lwarp.xdy'.


\openout127 = lwarp.xdy

) Including 'LWRwriteconf' comment.
\openout3 = comment_writeconf.cut
 Straight input of comment_writeconf.cut.
(./comment_writeconf.cut
\openout4 = lwarp_one_limage.txt
) Including 'LWRwriteconf' comment.
\openout3 = comment_writeconf.cut

Straight input of comment_writeconf.cut. (./comment_writeconf.cut

LaTeX Warning: Writing or overwriting file `./lwarp_mathjax.txt'.


\openout127 = lwarp_mathjax.txt

) Excluding 'LWRcreatelwarpmk' comment. Excluding 'warpHTML' comment.
Excluding 'warpHTML' comment. Including 'warpall' comment.
\openout3 = comment_all.cut

Straight input of comment_all.cut. (./comment_all.cut)
Excluding 'warpHTML' comment. Including 'warpall' comment.
\openout3 = comment_all.cut

Straight input of comment_all.cut. (./comment_all.cut)
Excluding 'warpHTML' comment. Including 'warpall' comment.
\openout3 = comment_all.cut

Straight input of comment_all.cut. (./comment_all.cut)
Excluding 'warpHTML' comment. Including 'warpall' comment.
\openout3 = comment_all.cut

Straight input of comment_all.cut. (./comment_all.cut)
Excluding 'warpHTML' comment. Including 'warpprint' comment.
\openout3 = comment_print.cut

Straight input of comment_print.cut. (./comment_print.cut)
Excluding 'warpHTML' comment. Including 'warpall' comment.
\openout3 = comment_all.cut

Straight input of comment_all.cut. (./comment_all.cut)
Including 'warpprint' comment.
\openout3 = comment_print.cut
 Straight input of comment_print.cut.
(./comment_print.cut) Excluding 'warpHTML' comment.
Excluding 'warpHTML' comment. Including 'warpprint' comment.
\openout3 = comment_print.cut

Straight input of comment_print.cut. (./comment_print.cut)
Excluding 'warpHTML' comment. Excluding 'warpHTML' comment.
Excluding 'warpHTML' comment. Including 'warpall' comment.
\openout3 = comment_all.cut

Straight input of comment_all.cut. (./comment_all.cut)
Excluding 'warpHTML' comment. Including 'warpall' comment.
\openout3 = comment_all.cut

Straight input of comment_all.cut. (./comment_all.cut)
Excluding 'warpHTML' comment. Including 'warpall' comment.
\openout3 = comment_all.cut

Straight input of comment_all.cut. (./comment_all.cut)
Excluding 'warpHTML' comment. Including 'warpall' comment.
\openout3 = comment_all.cut

Straight input of comment_all.cut. (./comment_all.cut)
Excluding 'warpHTML' comment. Excluding 'warpHTML' comment.
Excluding 'warpHTML' comment. Excluding 'warpHTML' comment.
Excluding 'warpHTML' comment. Including 'warpall' comment.
\openout3 = comment_all.cut

Straight input of comment_all.cut. (./comment_all.cut)
Excluding 'warpHTML' comment. Including 'warpprint' comment.
\openout3 = comment_print.cut

Straight input of comment_print.cut. (./comment_print.cut)
Excluding 'warpHTML' comment. Including 'warpprint' comment.
\openout3 = comment_print.cut

Straight input of comment_print.cut. (./comment_print.cut)
Excluding 'warpHTML' comment. Including 'warpall' comment.
\openout3 = comment_all.cut

Straight input of comment_all.cut. (./comment_all.cut)
Including 'warpall' comment.
\openout3 = comment_all.cut
 Straight input of comment_all.cut.
(./comment_all.cut
\c@FootnoteDepth=\count278
\c@footnoteReset=\count279
) Excluding 'warpHTML' comment.
Excluding 'warpHTML' comment. Including 'warpprint' comment.
\openout3 = comment_print.cut

Straight input of comment_print.cut. (./comment_print.cut)
\c@LWR@currentautosecpage=\count280
\c@LWR@currentautosecfloatpage=\count281
\c@LWR@previousautopagelabel=\count282

Including 'warpall' comment.
\openout3 = comment_all.cut
 Straight input of comment_all.cut.
(./comment_all.cut
\c@FileDepth=\count283
) Excluding 'warpHTML' comment.
Excluding 'warpMathJax' comment. Excluding 'warpMathJax' comment.
Excluding 'warpHTML' comment. Including 'warpprint' comment.
\openout3 = comment_print.cut

Straight input of comment_print.cut. (./comment_print.cut)
Excluding 'warpHTML' comment. Excluding 'warpHTML' comment.
Including 'warpprint' comment.
\openout3 = comment_print.cut
 Straight input of comment_print.cut.
(./comment_print.cut) Excluding 'warpHTML' comment.
Including 'warpall' comment.
\openout3 = comment_all.cut
 Straight input of comment_all.cut.
(./comment_all.cut) Excluding 'warpHTML' comment.
Excluding 'warpHTML' comment. Excluding 'warpHTML' comment.
Including 'warpall' comment.
\openout3 = comment_all.cut
 Straight input of comment_all.cut.
(./comment_all.cut) Including 'warpall' comment.
\openout3 = comment_all.cut

Straight input of comment_all.cut. (./comment_all.cut)
Including 'warpprint' comment.
\openout3 = comment_print.cut
 Straight input of comment_print.cut.
(./comment_print.cut) Excluding 'warpHTML' comment.
Including 'warpprint' comment.
\openout3 = comment_print.cut
 Straight input of comment_print.cut.
(./comment_print.cut) Excluding 'warpHTML' comment.
Excluding 'warpHTML' comment. Including 'warpprint' comment.
\openout3 = comment_print.cut

Straight input of comment_print.cut. (./comment_print.cut)
Excluding 'warpHTML' comment. Including 'warpall' comment.
\openout3 = comment_all.cut

Straight input of comment_all.cut. (./comment_all.cut)
Excluding 'warpHTML' comment. Including 'warpall' comment.
\openout3 = comment_all.cut

Straight input of comment_all.cut. (./comment_all.cut)
Excluding 'warpHTML' comment. Excluding 'warpHTML' comment.
Excluding 'warpHTML' comment. Including 'warpall' comment.
\openout3 = comment_all.cut

Straight input of comment_all.cut. (./comment_all.cut
\HTMLvleftskip=\skip55
\HTMLleftmargini=\skip56
)
Including 'warpall' comment.
\openout3 = comment_all.cut
 Straight input of comment_all.cut.
(./comment_all.cut
\VerbatimHTMLWidth=\skip57
) Excluding 'warpHTML' comment.
Excluding 'warpHTML' comment. Excluding 'warpHTML' comment.
Excluding 'warpHTML' comment. Excluding 'warpHTML' comment.
Including 'warpprint' comment.
\openout3 = comment_print.cut
 Straight input of comment_print.cut.
(./comment_print.cut) Excluding 'warpHTML' comment.
Excluding 'warpHTML' comment. Including 'warpall' comment.
\openout3 = comment_all.cut

Straight input of comment_all.cut. (./comment_all.cut)
Excluding 'warpHTML' comment. Including 'warpall' comment.
\openout3 = comment_all.cut

Straight input of comment_all.cut. (./comment_all.cut)
Excluding 'warpHTML' comment. Including 'warpprint' comment.
\openout3 = comment_print.cut

Straight input of comment_print.cut. (./comment_print.cut)
Excluding 'warpHTML' comment. Including 'warpall' comment.
\openout3 = comment_all.cut

Straight input of comment_all.cut. (./comment_all.cut)
Including 'warpall' comment.
\openout3 = comment_all.cut
 Straight input of comment_all.cut.
(./comment_all.cut) Excluding 'warpHTML' comment.
Excluding 'warpHTML' comment. Excluding 'warpHTML' comment.
Excluding 'warpHTML' comment. Including 'warpall' comment.
\openout3 = comment_all.cut

Straight input of comment_all.cut. (./comment_all.cut
\c@SideTOCDepth=\count284
)
Excluding 'warpHTML' comment. Excluding 'warpHTML' comment.
Including 'warpprint' comment.
\openout3 = comment_print.cut
 Straight input of comment_print.cut.
(./comment_print.cut) Including 'warpall' comment.
\openout3 = comment_all.cut

Straight input of comment_all.cut. (./comment_all.cut)
Excluding 'warpHTML' comment. Excluding 'warpHTML' comment.
Excluding 'warpHTML' comment. Including 'warpall' comment.
\openout3 = comment_all.cut

Straight input of comment_all.cut. (./comment_all.cut)
Excluding 'warpHTML' comment. Including 'warpprint' comment.
\openout3 = comment_print.cut

Straight input of comment_print.cut. (./comment_print.cut)
Excluding 'warpHTML' comment. Excluding 'warpHTML' comment.
Including 'warpall' comment.
\openout3 = comment_all.cut
 Straight input of comment_all.cut.
(./comment_all.cut) Excluding 'warpHTML' comment.
Including 'warpprint' comment.
\openout3 = comment_print.cut
 Straight input of comment_print.cut.
(./comment_print.cut) Excluding 'warpHTML' comment.
Excluding 'warpHTML' comment. Excluding 'warpHTML' comment.
Including 'warpprint' comment.
\openout3 = comment_print.cut
 Straight input of comment_print.cut.
(./comment_print.cut) Including 'warpprint' comment.
\openout3 = comment_print.cut

Straight input of comment_print.cut. (./comment_print.cut)
Including 'warpall' comment.
\openout3 = comment_all.cut
 Straight input of comment_all.cut.
(./comment_all.cut) Including 'warpprint' comment.
\openout3 = comment_print.cut

Straight input of comment_print.cut. (./comment_print.cut)
Excluding 'warpHTML' comment. Excluding 'warpHTML' comment.
Excluding 'warpHTML' comment. Excluding 'warpHTML' comment.
Including 'warpprint' comment.
\openout3 = comment_print.cut
 Straight input of comment_print.cut.
(./comment_print.cut) Excluding 'warpHTML' comment.
Including 'warpall' comment.
\openout3 = comment_all.cut
 Straight input of comment_all.cut.
(./comment_all.cut) Excluding 'warpHTML' comment. Including 'warpall' comment.
\openout3 = comment_all.cut

Straight input of comment_all.cut. (./comment_all.cut
\LWR@fminipagebox=\box51
)
Excluding 'warpHTML' comment. Including 'warpall' comment.
\openout3 = comment_all.cut

Straight input of comment_all.cut. (./comment_all.cut)
Excluding 'warpHTML' comment. Including 'warpprint' comment.
\openout3 = comment_print.cut

Straight input of comment_print.cut. (./comment_print.cut)
Excluding 'warpHTML' comment. Excluding 'warpHTML' comment.
Including 'warpall' comment.
\openout3 = comment_all.cut
 Straight input of comment_all.cut.
(./comment_all.cut) Excluding 'warpHTML' comment.
Excluding 'warpHTML' comment. Excluding 'warpHTML' comment.
Excluding 'warpHTML' comment. Excluding 'warpHTML' comment.
Excluding 'warpHTML' comment. Excluding 'warpHTML' comment.
Including 'warpprint' comment.
\openout3 = comment_print.cut
 Straight input of comment_print.cut.
(./comment_print.cut) Excluding 'warpHTML' comment.
Excluding 'warpHTML' comment. Excluding 'warpHTML' comment.
Excluding 'warpHTML' comment. Excluding 'warpHTML' comment.)
(/usr/share/texmf-dist/tex/latex/polyglossia/polyglossia.sty
Package: polyglossia 2022/04/10 v1.55a Modern multilingual typesetting with XeL
aTeX and LuaLaTeX

(/usr/share/texmf-dist/tex/latex/makecmds/makecmds.sty
Package: makecmds 2009/09/03 v1.0a extra command making commands
)
(/usr/share/texmf-dist/tex/latex/xkeyval/xkeyval.sty
Package: xkeyval 2020/11/20 v2.8 package option processing (HA)

(/usr/share/texmf-dist/tex/generic/xkeyval/xkeyval.tex
(/usr/share/texmf-dist/tex/generic/xkeyval/xkvutils.tex
\XKV@toks=\toks19
\XKV@tempa@toks=\toks20
)
\XKV@depth=\count285
File: xkeyval.tex 2014/12/03 v2.7a key=value parser (HA)
))
(/usr/share/texmf-dist/tex/latex/l3packages/l3keys2e/l3keys2e.sty
Package: l3keys2e 2022-01-12 LaTeX2e option processing using LaTeX3 keys
)
(/usr/share/texmf-dist/tex/luatex/luatexbase/luatexbase.sty
Package: luatexbase 2015/10/04 v1.3 luatexbase interface to LuaTeX 

(/usr/share/texmf-dist/tex/luatex/ctablestack/ctablestack.sty
Package: ctablestack 2015/10/01 v1.0 Catcode table stable support
\@catcodetablestackcnt=\count286
)
\CatcodeTableOther=\catcodetable12
\CatcodeTableExpl=\catcodetable13
)
Lua module: polyglossia 2013/05/11 1.3 Polyglossia
(/usr/share/texmf-dist/tex/latex/polyglossia/gloss-latex.lde
Package: gloss-latex 2021/07/10 vv1.53 polyglossia: module for default language

The property list \polyglossia@langsetup contains the pairs (without outer
braces):
>  {latex/script}  =>  {latin}
>  {latex/lcscript}  =>  {latin}
>  {latex/scripttag}  =>  {}
>  {latex/language}  =>  {Latex}
>  {latex/langtag}  =>  {ENG}
>  {latex/bcp47}  =>  {}
>  {latex/hyphennames}  =>  {english}
>  {latex/direction}  =>  {LR}
>  {latex/hyphenmins}  =>  {2,3}
>  {latex/frenchspacing}  =>  {false}
>  {latex/indentfirst}  =>  {false}
>  {latex/fontsetup}  =>  {true}
>  {latex/envname}  =>  {latex}
>  {latex/babelname}  =>  {latex}
>  {latex/localnumeral}  =>  {polyglossia@C@localnumeral}
>  {latex/Localnumeral}  =>  {polyglossia@C@localnumeral}
>  {latex/DefineCommandsCmd}  =>  {use_none:n}.
)
Package polyglossia Info: Default language is latex.
Package polyglossia Info: Setting LuaTeX font renderer to Harfbuzz.
)
(/usr/share/texmf-dist/tex/latex/polyglossia/gloss-spanish.ldf
File: gloss-spanish.ldf polyglossia: module for spanish
The property list \polyglossia@langsetup contains the pairs (without outer
braces):
>  {latex/script}  =>  {latin}
>  {latex/lcscript}  =>  {latin}
>  {latex/scripttag}  =>  {}
>  {latex/language}  =>  {Latex}
>  {latex/langtag}  =>  {ENG}
>  {latex/bcp47}  =>  {}
>  {latex/hyphennames}  =>  {english}
>  {latex/direction}  =>  {LR}
>  {latex/hyphenmins}  =>  {2,3}
>  {latex/frenchspacing}  =>  {false}
>  {latex/indentfirst}  =>  {false}
>  {latex/fontsetup}  =>  {true}
>  {latex/envname}  =>  {latex}
>  {latex/babelname}  =>  {latex}
>  {latex/localnumeral}  =>  {polyglossia@C@localnumeral}
>  {latex/Localnumeral}  =>  {polyglossia@C@localnumeral}
>  {latex/DefineCommandsCmd}  =>  {use_none:n}
>  {spanish/script}  =>  {latin}
>  {spanish/lcscript}  =>  {latin}
>  {spanish/scripttag}  =>  {}
>  {spanish/language}  =>  {Spanish}
>  {spanish/langtag}  =>  {ESP}
>  {spanish/bcp47}  =>  {es-ES}
>  {spanish/hyphennames}  =>  {spanish}
>  {spanish/direction}  =>  {LR}
>  {spanish/hyphenmins}  =>  {2,2}
>  {spanish/frenchspacing}  =>  {true}
>  {spanish/indentfirst}  =>  {true}
>  {spanish/fontsetup}  =>  {true}
>  {spanish/envname}  =>  {spanish}
>  {spanish/babelname}  =>  {spanish}
>  {spanish/localnumeral}  =>  {polyglossia@C@localnumeral}
>  {spanish/Localnumeral}  =>  {polyglossia@C@localnumeral}
>  {spanish/DefineCommandsCmd}  =>  {xpg_define_language_commands:e}
>  {spanish/totalhyphenmin}  =>  {5}.
Module polyglossia Info: Language data for spanish
(polyglossia)            loader	loadhyph-es.tex
(polyglossia)            hyphenation	
(polyglossia)            righthyphenmin	2
(polyglossia)            lefthyphenmin	2
(polyglossia)            patterns	hyph-es.pat.txt
(polyglossia)            synonyms	espanol on input line 13
Module polyglossia Info: Language spanish was not yet loaded; created with id 2 
on input line 13
Package polyglossia Info: Option: spanish, variant=spanish.
Package polyglossia Info: Option: Spanish, spanishoperators=none.
)
Package polyglossia Info: Default language is spanish.

(/usr/share/texmf-dist/tex/latex/booktabs/booktabs.sty
Package: booktabs 2020/01/12 v1.61803398 Publication quality tables
\heavyrulewidth=\dimen143
\lightrulewidth=\dimen144
\cmidrulewidth=\dimen145
\belowrulesep=\dimen146
\belowbottomsep=\dimen147
\aboverulesep=\dimen148
\abovetopsep=\dimen149
\cmidrulesep=\dimen150
\cmidrulekern=\dimen151
\defaultaddspace=\dimen152
\@cmidla=\count287
\@cmidlb=\count288
\@aboverulesep=\dimen153
\@belowrulesep=\dimen154
\@thisruleclass=\count289
\@lastruleclass=\count290
\@thisrulewidth=\dimen155
)
(/usr/share/texmf-dist/tex/latex/paralist/paralist.sty
Package: paralist 2017/01/22 v2.7 Extended list environments
\pltopsep=\skip58
\plpartopsep=\skip59
\plitemsep=\skip60
\plparsep=\skip61
\pl@lab=\toks21
)
(/usr/share/texmf-dist/tex/latex/caption/caption.sty
Package: caption 2022/03/01 v3.6b Customizing captions (AR)

(/usr/share/texmf-dist/tex/latex/caption/caption3.sty
Package: caption3 2022/03/17 v2.3b caption3 kernel (AR)
\caption@tempdima=\dimen156
\captionmargin=\dimen157
\caption@leftmargin=\dimen158
\caption@rightmargin=\dimen159
\caption@width=\dimen160
\caption@indent=\dimen161
\caption@parindent=\dimen162
\caption@hangindent=\dimen163
Package caption Info: Standard document class detected.
)
\c@caption@flags=\count291
\c@continuedfloat=\count292
)
(/usr/share/texmf-dist/tex/latex/csquotes/csquotes.sty
Package: csquotes 2021-02-22 v5.2l context-sensitive quotations (JAW)
\csq@reset=\count293
\csq@gtype=\count294
\csq@glevel=\count295
\csq@qlevel=\count296
\csq@maxlvl=\count297
\csq@tshold=\count298
\csq@ltx@everypar=\toks22

(/usr/share/texmf-dist/tex/latex/csquotes/csquotes.def
File: csquotes.def 2021-02-22 v5.2l csquotes generic definitions (JAW)
)
Package csquotes Info: Trying to load configuration file 'csquotes.cfg'...
Package csquotes Info: ... configuration file loaded successfully.

(/usr/share/texmf-dist/tex/latex/csquotes/csquotes.cfg
File: csquotes.cfg 
))
(/usr/share/texmf-dist/tex/latex/biblatex/biblatex.sty
Package: biblatex 2022/02/02 v3.17 programmable bibliographies (PK/MW)

(/usr/share/texmf-dist/tex/latex/logreq/logreq.sty
Package: logreq 2010/08/04 v1.0 xml request logger
\lrq@indent=\count299

(/usr/share/texmf-dist/tex/latex/logreq/logreq.def
File: logreq.def 2010/08/04 v1.0 logreq spec v1.0
))
(/usr/share/texmf-dist/tex/latex/base/ifthen.sty
Package: ifthen 2020/11/24 v1.1c Standard LaTeX ifthen package (DPC)
)
(/usr/share/texmf-dist/tex/latex/url/url.sty
\Urlmuskip=\muskip16
Package: url 2013/09/16  ver 3.4  Verb mode for urls, etc.
)
\c@tabx@nest=\count300
\c@listtotal=\count301
\c@listcount=\count302
\c@liststart=\count303
\c@liststop=\count304
\c@citecount=\count305
\c@citetotal=\count306
\c@multicitecount=\count307
\c@multicitetotal=\count308
\c@instcount=\count309
\c@maxnames=\count310
\c@minnames=\count311
\c@maxitems=\count312
\c@minitems=\count313
\c@citecounter=\count314
\c@maxcitecounter=\count315
\c@savedcitecounter=\count316
\c@uniquelist=\count317
\c@uniquename=\count318
\c@refsection=\count319
\c@refsegment=\count320
\c@maxextratitle=\count321
\c@maxextratitleyear=\count322
\c@maxextraname=\count323
\c@maxextradate=\count324
\c@maxextraalpha=\count325
\c@abbrvpenalty=\count326
\c@highnamepenalty=\count327
\c@lownamepenalty=\count328
\c@maxparens=\count329
\c@parenlevel=\count330
\blx@tempcnta=\count331
\blx@tempcntb=\count332
\blx@tempcntc=\count333
\c@blx@maxsection=\count334
\c@blx@maxsegment@0=\count335
\blx@notetype=\count336
\blx@parenlevel@text=\count337
\blx@parenlevel@foot=\count338
\c@blx@sectionciteorder@0=\count339
\blx@entrysetcounter=\count340
\blx@biblioinstance=\count341
\labelnumberwidth=\skip62
\labelalphawidth=\skip63
\biblabelsep=\skip64
\bibitemsep=\skip65
\bibnamesep=\skip66
\bibinitsep=\skip67
\bibparsep=\skip68
\bibhang=\skip69
\blx@bcfin=\read2
\blx@bcfout=\write5
\blx@langwohyphens=\language3
\c@mincomprange=\count342
\c@maxcomprange=\count343
\c@mincompwidth=\count344
Package biblatex Info: Trying to load biblatex default data model...
Package biblatex Info: ... file 'blx-dm.def' found.

(/usr/share/texmf-dist/tex/latex/biblatex/blx-dm.def
File: blx-dm.def 2022/02/02 v3.17 biblatex localization (PK/MW)
)
Package biblatex Info: Trying to load biblatex style data model...
Package biblatex Info: ... file 'philosophy-classic.dbx' not found.
Package biblatex Info: Trying to load biblatex custom data model...
Package biblatex Info: ... file 'biblatex-dm.cfg' not found.
\c@afterword=\count345
\c@savedafterword=\count346
\c@annotator=\count347
\c@savedannotator=\count348
\c@author=\count349
\c@savedauthor=\count350
\c@bookauthor=\count351
\c@savedbookauthor=\count352
\c@commentator=\count353
\c@savedcommentator=\count354
\c@editor=\count355
\c@savededitor=\count356
\c@editora=\count357
\c@savededitora=\count358
\c@editorb=\count359
\c@savededitorb=\count360
\c@editorc=\count361
\c@savededitorc=\count362
\c@foreword=\count363
\c@savedforeword=\count364
\c@holder=\count365
\c@savedholder=\count366
\c@introduction=\count367
\c@savedintroduction=\count368
\c@namea=\count369
\c@savednamea=\count370
\c@nameb=\count371
\c@savednameb=\count372
\c@namec=\count373
\c@savednamec=\count374
\c@translator=\count375
\c@savedtranslator=\count376
\c@shortauthor=\count377
\c@savedshortauthor=\count378
\c@shorteditor=\count379
\c@savedshorteditor=\count380
\c@labelname=\count381
\c@savedlabelname=\count382
\c@institution=\count383
\c@savedinstitution=\count384
\c@lista=\count385
\c@savedlista=\count386
\c@listb=\count387
\c@savedlistb=\count388
\c@listc=\count389
\c@savedlistc=\count390
\c@listd=\count391
\c@savedlistd=\count392
\c@liste=\count393
\c@savedliste=\count394
\c@listf=\count395
\c@savedlistf=\count396
\c@location=\count397
\c@savedlocation=\count398
\c@organization=\count399
\c@savedorganization=\count400
\c@origlocation=\count401
\c@savedoriglocation=\count402
\c@origpublisher=\count403
\c@savedorigpublisher=\count404
\c@publisher=\count405
\c@savedpublisher=\count406
\c@language=\count407
\c@savedlanguage=\count408
\c@origlanguage=\count409
\c@savedoriglanguage=\count410
\c@pageref=\count411
\c@savedpageref=\count412
\shorthandwidth=\skip70
\shortjournalwidth=\skip71
\shortserieswidth=\skip72
\shorttitlewidth=\skip73
\shortauthorwidth=\skip74
\shorteditorwidth=\skip75
\locallabelnumberwidth=\skip76
\locallabelalphawidth=\skip77
\localshorthandwidth=\skip78
\localshortjournalwidth=\skip79
\localshortserieswidth=\skip80
\localshorttitlewidth=\skip81
\localshortauthorwidth=\skip82
\localshorteditorwidth=\skip83
Package biblatex Info: Trying to load enhanced support for Unicode engines...
Package biblatex Info: ... file 'blx-unicode.def' found.

(/usr/share/texmf-dist/tex/latex/biblatex/blx-unicode.def)
Package biblatex Info: Trying to load compatibility code...
Package biblatex Info: ... file 'blx-compat.def' found.

(/usr/share/texmf-dist/tex/latex/biblatex/blx-compat.def
File: blx-compat.def 2022/02/02 v3.17 biblatex compatibility (PK/MW)
)
Package biblatex Info: Trying to load generic definitions...
Package biblatex Info: ... file 'biblatex.def' found.

(/usr/share/texmf-dist/tex/latex/biblatex/biblatex.def
File: biblatex.def 2022/02/02 v3.17 biblatex compatibility (PK/MW)
\c@textcitecount=\count413
\c@textcitetotal=\count414
\c@textcitemaxnames=\count415
\c@biburlbigbreakpenalty=\count416
\c@biburlbreakpenalty=\count417
\c@biburlnumpenalty=\count418
\c@biburlucpenalty=\count419
\c@biburllcpenalty=\count420
\biburlbigskip=\muskip17
\biburlnumskip=\muskip18
\biburlucskip=\muskip19
\biburllcskip=\muskip20
\c@smartand=\count421
)
Package biblatex Info: Trying to load bibliography style 'philosophy-classic'..
.
Package biblatex Info: ... file 'philosophy-classic.bbx' found.

(/usr/share/texmf-dist/tex/latex/biblatex-philosophy/philosophy-classic.bbx
File: philosophy-classic.bbx 2021/11/06 v1.9.8f A set of styles for biblatex
Package biblatex Info: Trying to load bibliography style 'authoryear-comp'...
Package biblatex Info: ... file 'authoryear-comp.bbx' found.

(/usr/share/texmf-dist/tex/latex/biblatex/bbx/authoryear-comp.bbx
File: authoryear-comp.bbx 2022/02/02 v3.17 biblatex bibliography style (PK/MW)
Package biblatex Info: Trying to load bibliography style 'authoryear'...
Package biblatex Info: ... file 'authoryear.bbx' found.

(/usr/share/texmf-dist/tex/latex/biblatex/bbx/authoryear.bbx
File: authoryear.bbx 2022/02/02 v3.17 biblatex bibliography style (PK/MW)
Package biblatex Info: Trying to load bibliography style 'standard'...
Package biblatex Info: ... file 'standard.bbx' found.

(/usr/share/texmf-dist/tex/latex/biblatex/bbx/standard.bbx
File: standard.bbx 2022/02/02 v3.17 biblatex bibliography style (PK/MW)
\c@bbx:relatedcount=\count422
\c@bbx:relatedtotal=\count423
)))
Package biblatex Info: Trying to load bibliography style 'philosophy-standard'.
..
Package biblatex Info: ... file 'philosophy-standard.bbx' found.

(/usr/share/texmf-dist/tex/latex/biblatex-philosophy/philosophy-standard.bbx
File: philosophy-standard.bbx 2021/11/06 v1.9.8f A set of styles for biblatex
\c@maxnamesincross=\count424
\c@minnamesincross=\count425
))
Package biblatex Info: Trying to load citation style 'philosophy-classic'...
Package biblatex Info: ... file 'philosophy-classic.cbx' found.

(/usr/share/texmf-dist/tex/latex/biblatex-philosophy/philosophy-classic.cbx
File: philosophy-classic.cbx 2021/11/06 v1.9.8f A set of styles for biblatex
Package biblatex Info: Trying to load citation style 'authoryear-comp'...
Package biblatex Info: ... file 'authoryear-comp.cbx' found.

(/usr/share/texmf-dist/tex/latex/biblatex/cbx/authoryear-comp.cbx
File: authoryear-comp.cbx 2022/02/02 v3.17 biblatex citation style (PK/MW)
Package biblatex Info: Redefining '\cite'.
Package biblatex Info: Redefining '\parencite'.
Package biblatex Info: Redefining '\footcite'.
Package biblatex Info: Redefining '\footcitetext'.
Package biblatex Info: Redefining '\smartcite'.
Package biblatex Info: Redefining '\textcite'.
Package biblatex Info: Redefining '\textcites'.
Package biblatex Info: Redefining '\cites'.
Package biblatex Info: Redefining '\parencites'.
Package biblatex Info: Redefining '\footcites'.
Package biblatex Info: Redefining '\footcitetexts'.
Package biblatex Info: Redefining '\smartcites'.
)
Package biblatex Info: Redefining '\citetitle'.
Package biblatex Info: Redefining '\citeyear'.
Package biblatex Info: Redefining '\citedate'.
Package biblatex Info: Redefining '\fullcite'.
)
Package biblatex Info: Trying to load configuration file...
Package biblatex Info: ... file 'biblatex.cfg' found.

(/usr/share/texmf-dist/tex/latex/biblatex/biblatex.cfg
File: biblatex.cfg 
)
Package biblatex Info: Input encoding 'utf8' specified.
Package biblatex Info: Document encoding is UTF8 ....
Package biblatex Info: ... and expl3
(biblatex)             2022-04-10 L3 programming layer (loader) 
(biblatex)             is new enough (at least 2020/04/06),
(biblatex)             setting 'casechanger=expl3'.

(/usr/share/texmf-dist/tex/latex/biblatex/blx-case-expl3.sty
Package: blx-case-expl3 2022/02/02 v3.17 expl3 case changing code for biblatex
))
(/usr/share/texmf-dist/tex/latex/esindex/esindex.sty
Package: esindex 2019/10/10 v1.7 Spanish indexes (and more)
\everyesindex=\toks23
)
(/usr/share/texmf-dist/tex/latex/imakeidx/imakeidx.sty
Package: imakeidx 2016/10/15 v1.3e Package for typesetting indices in a synchro
nous mode

(/usr/share/texmf-dist/tex/generic/iftex/ifxetex.sty
Package: ifxetex 2019/10/25 v0.7 ifxetex legacy package. Use iftex instead.
)
(/usr/share/texmf-dist/tex/latex/tools/multicol.sty
Package: multicol 2021/10/28 v1.9b multicolumn formatting (FMi)
\c@tracingmulticols=\count426
\mult@box=\box52
\multicol@leftmargin=\dimen164
\c@unbalance=\count427
\c@collectmore=\count428
\doublecol@number=\count429
\multicoltolerance=\count430
\multicolpretolerance=\count431
\full@width=\dimen165
\page@free=\dimen166
\premulticols=\dimen167
\postmulticols=\dimen168
\multicolsep=\skip84
\multicolbaselineskip=\skip85
\partial@page=\box53
\last@line=\box54
\maxbalancingoverflow=\dimen169
\mult@rightbox=\box55
\mult@grightbox=\box56
\mult@firstbox=\box57
\mult@gfirstbox=\box58
\@tempa=\box59
\@tempa=\box60
\@tempa=\box61
\@tempa=\box62
\@tempa=\box63
\@tempa=\box64
\@tempa=\box65
\@tempa=\box66
\@tempa=\box67
\@tempa=\box68
\@tempa=\box69
\@tempa=\box70
\@tempa=\box71
\@tempa=\box72
\@tempa=\box73
\@tempa=\box74
\@tempa=\box75
\@tempa=\box76
\@tempa=\box77
\@tempa=\box78
\@tempa=\box79
\@tempa=\box80
\@tempa=\box81
\@tempa=\box82
\@tempa=\box83
\@tempa=\box84
\@tempa=\box85
\@tempa=\box86
\@tempa=\box87
\@tempa=\box88
\@tempa=\box89
\@tempa=\box90
\@tempa=\box91
\@tempa=\box92
\@tempa=\box93
\@tempa=\box94
\c@minrows=\count432
\c@columnbadness=\count433
\c@finalcolumnbadness=\count434
\last@try=\dimen170
\multicolovershoot=\dimen171
\multicolundershoot=\dimen172
\mult@nat@firstbox=\box95
\colbreak@box=\box96
\mc@col@check@num=\count435
))
\MAURO@idxfile=\write6

\openout6 = MAURO.idx

Writing index file MAURO.idx
(/usr/share/texmf-dist/tex/latex/xcolor/xcolor.sty
Package: xcolor 2021/10/31 v2.13 LaTeX color extensions (UK)

(/usr/share/texmf-dist/tex/latex/graphics-cfg/color.cfg
File: color.cfg 2016/01/02 v1.6 sample color configuration
)
Package xcolor Info: Driver file: luatex.def on input line 227.

(/usr/share/texmf-dist/tex/latex/graphics-def/luatex.def
File: luatex.def 2021/06/01 v1.2c Graphics/color driver for luatex
)
Package xcolor Info: Model `cmy' substituted by `cmy0' on input line 1352.
Package xcolor Info: Model `hsb' substituted by `rgb' on input line 1356.
Package xcolor Info: Model `RGB' extended on input line 1368.
Package xcolor Info: Model `HTML' substituted by `rgb' on input line 1370.
Package xcolor Info: Model `Hsb' substituted by `hsb' on input line 1371.
Package xcolor Info: Model `tHsb' substituted by `hsb' on input line 1372.
Package xcolor Info: Model `HSB' substituted by `hsb' on input line 1373.
Package xcolor Info: Model `Gray' substituted by `gray' on input line 1374.
Package xcolor Info: Model `wave' substituted by `hsb' on input line 1375.
)
(/usr/share/texmf-dist/tex/latex/graphics/graphicx.sty
Package: graphicx 2021/09/16 v1.2d Enhanced LaTeX Graphics (DPC,SPQR)

(/usr/share/texmf-dist/tex/latex/graphics/graphics.sty
Package: graphics 2021/03/04 v1.4d Standard LaTeX Graphics (DPC,SPQR)

(/usr/share/texmf-dist/tex/latex/graphics/trig.sty
Package: trig 2021/08/11 v1.11 sin cos tan (DPC)
)
(/usr/share/texmf-dist/tex/latex/graphics-cfg/graphics.cfg
File: graphics.cfg 2016/06/04 v1.11 sample graphics configuration
)
Package graphics Info: Driver file: luatex.def on input line 107.
)
\Gin@req@height=\dimen173
\Gin@req@width=\dimen174
)
(/usr/share/texmf-dist/tex/latex/hyperref/hyperref.sty
Package: hyperref 2022-02-21 v7.00n Hypertext links for LaTeX

(/usr/share/texmf-dist/tex/generic/kvdefinekeys/kvdefinekeys.sty
Package: kvdefinekeys 2019-12-19 v1.6 Define keys (HO)
)
(/usr/share/texmf-dist/tex/generic/pdfescape/pdfescape.sty
Package: pdfescape 2019/12/09 v1.15 Implements pdfTeX's escape features (HO)
)
(/usr/share/texmf-dist/tex/latex/hycolor/hycolor.sty
Package: hycolor 2020-01-27 v1.10 Color options for hyperref/bookmark (HO)
)
(/usr/share/texmf-dist/tex/latex/auxhook/auxhook.sty
Package: auxhook 2019-12-17 v1.6 Hooks for auxiliary files (HO)
)
\@linkdim=\dimen175
\Hy@linkcounter=\count436
\Hy@pagecounter=\count437

(/usr/share/texmf-dist/tex/latex/hyperref/pd1enc.def
File: pd1enc.def 2022-02-21 v7.00n Hyperref: PDFDocEncoding definition (HO)
)
(/usr/share/texmf-dist/tex/generic/intcalc/intcalc.sty
Package: intcalc 2019/12/15 v1.3 Expandable calculations with integers (HO)
)
\Hy@SavedSpaceFactor=\count438

(/usr/share/texmf-dist/tex/latex/hyperref/puenc.def
File: puenc.def 2022-02-21 v7.00n Hyperref: PDF Unicode definition (HO)
)
Package hyperref Info: Hyper figures OFF on input line 4137.
Package hyperref Info: Link nesting OFF on input line 4142.
Package hyperref Info: Hyper index ON on input line 4145.
Package hyperref Info: Plain pages OFF on input line 4152.
Package hyperref Info: Backreferencing OFF on input line 4157.
Package hyperref Info: Implicit mode ON; LaTeX internals redefined.
Package hyperref Info: Bookmarks ON on input line 4390.
\c@Hy@tempcnt=\count439
LaTeX Info: Redefining \url on input line 4749.
\XeTeXLinkMargin=\dimen176

(/usr/share/texmf-dist/tex/generic/bitset/bitset.sty
Package: bitset 2019/12/09 v1.3 Handle bit-vector datatype (HO)

(/usr/share/texmf-dist/tex/generic/bigintcalc/bigintcalc.sty
Package: bigintcalc 2019/12/15 v1.5 Expandable calculations on big integers (HO
)
))
\Fld@menulength=\count440
\Field@Width=\dimen177
\Fld@charsize=\dimen178
Package hyperref Info: Hyper figures OFF on input line 6027.
Package hyperref Info: Link nesting OFF on input line 6032.
Package hyperref Info: Hyper index ON on input line 6035.
Package hyperref Info: backreferencing OFF on input line 6042.
Package hyperref Info: Link coloring OFF on input line 6047.
Package hyperref Info: Link coloring with OCG OFF on input line 6052.
Package hyperref Info: PDF/A mode OFF on input line 6057.
LaTeX Info: Redefining \ref on input line 6097.
LaTeX Info: Redefining \pageref on input line 6101.

(/usr/share/texmf-dist/tex/latex/base/atbegshi-ltx.sty
Package: atbegshi-ltx 2021/01/10 v1.0c Emulation of the original atbegshi
package with kernel methods
)
\Hy@abspage=\count441
\c@Item=\count442
\c@Hfootnote=\count443
)
Package hyperref Info: Driver (autodetected): hluatex.

(/usr/share/texmf-dist/tex/latex/hyperref/hluatex.def
File: hluatex.def 2022-02-21 v7.00n Hyperref driver for luaTeX

(/usr/share/texmf-dist/tex/generic/stringenc/stringenc.sty
Package: stringenc 2019/11/29 v1.12 Convert strings between diff. encodings (HO
)
)
(/usr/share/texmf-dist/tex/latex/base/atveryend-ltx.sty
Package: atveryend-ltx 2020/08/19 v1.0a Emulation of the original atveryend pac
kage
with kernel methods
)
\Fld@listcount=\count444
\c@bookmark@seq@number=\count445

(/usr/share/texmf-dist/tex/latex/rerunfilecheck/rerunfilecheck.sty
Package: rerunfilecheck 2019/12/05 v1.9 Rerun checks for auxiliary files (HO)

(/usr/share/texmf-dist/tex/generic/uniquecounter/uniquecounter.sty
Package: uniquecounter 2019/12/15 v1.4 Provide unlimited unique counter (HO)
)
Package uniquecounter Info: New unique counter `rerunfilecheck' on input line 2
86.
)
\Hy@SectionHShift=\skip86
)
(/usr/share/texmf-dist/tex/latex/cleveref/cleveref.sty
Package: cleveref 2018/03/27 v0.21.4 Intelligent cross-referencing
Package cleveref Info: `hyperref' support loaded on input line 2370.
LaTeX Info: Redefining \cref on input line 2370.
LaTeX Info: Redefining \Cref on input line 2370.
LaTeX Info: Redefining \crefrange on input line 2370.
LaTeX Info: Redefining \Crefrange on input line 2370.
LaTeX Info: Redefining \cpageref on input line 2370.
LaTeX Info: Redefining \Cpageref on input line 2370.
LaTeX Info: Redefining \cpagerefrange on input line 2370.
LaTeX Info: Redefining \Cpagerefrange on input line 2370.
LaTeX Info: Redefining \labelcref on input line 2370.
LaTeX Info: Redefining \labelcpageref on input line 2370.
)
Package csquotes Info: Checking for multilingual support...
Package csquotes Info: ... found 'polyglossia' package.
Package csquotes Info: Adjusting default style.
Package csquotes Info: Redefining alias 'default' -> 'spanish'.
 (./MAURO.aux
LaTeX Info: Redefining \rmfamily on input line 22.
LaTeX Info: Redefining \sffamily on input line 22.
LaTeX Info: Redefining \ttfamily on input line 22.
Package polyglossia Info: totalhyphenmin:'5'.
)
\openout1 = MAURO.aux

LaTeX Font Info:    Checking defaults for OML/cmm/m/it on input line 309.
LaTeX Font Info:    ... okay on input line 309.
LaTeX Font Info:    Checking defaults for OMS/cmsy/m/n on input line 309.
LaTeX Font Info:    ... okay on input line 309.
LaTeX Font Info:    Checking defaults for OT1/cmr/m/n on input line 309.
LaTeX Font Info:    ... okay on input line 309.
LaTeX Font Info:    Checking defaults for T1/cmr/m/n on input line 309.
LaTeX Font Info:    ... okay on input line 309.
LaTeX Font Info:    Checking defaults for TS1/cmr/m/n on input line 309.
LaTeX Font Info:    Trying to load font information for TS1+cmr on input line 3
09.

(/usr/share/texmf-dist/tex/latex/base/ts1cmr.fd
File: ts1cmr.fd 2019/12/16 v2.5j Standard LaTeX font definitions
)
LaTeX Font Info:    ... okay on input line 309.
LaTeX Font Info:    Checking defaults for TU/lmr/m/n on input line 309.
LaTeX Font Info:    ... okay on input line 309.
LaTeX Font Info:    Checking defaults for OMX/cmex/m/n on input line 309.
LaTeX Font Info:    ... okay on input line 309.
LaTeX Font Info:    Checking defaults for U/cmr/m/n on input line 309.
LaTeX Font Info:    ... okay on input line 309.
LaTeX Font Info:    Checking defaults for PD1/pdf/m/n on input line 309.
LaTeX Font Info:    ... okay on input line 309.
LaTeX Font Info:    Checking defaults for PU/pdf/m/n on input line 309.
LaTeX Font Info:    ... okay on input line 309.

Package fontspec Info: Adjusting the maths setup (use [no-math] to avoid
(fontspec)             this).

\symlegacymaths=\mathgroup4
LaTeX Font Info:    Overwriting symbol font `legacymaths' in version `bold'
(Font)                  OT1/cmr/m/n --> OT1/cmr/bx/n on input line 309.
LaTeX Font Info:    Redeclaring math accent \acute on input line 309.
LaTeX Font Info:    Redeclaring math accent \grave on input line 309.
LaTeX Font Info:    Redeclaring math accent \ddot on input line 309.
LaTeX Font Info:    Redeclaring math accent \tilde on input line 309.
LaTeX Font Info:    Redeclaring math accent \bar on input line 309.
LaTeX Font Info:    Redeclaring math accent \breve on input line 309.
LaTeX Font Info:    Redeclaring math accent \check on input line 309.
LaTeX Font Info:    Redeclaring math accent \hat on input line 309.
LaTeX Font Info:    Redeclaring math accent \dot on input line 309.
LaTeX Font Info:    Redeclaring math accent \mathring on input line 309.
LaTeX Font Info:    Redeclaring math symbol \colon on input line 309.
LaTeX Font Info:    Redeclaring math symbol \Gamma on input line 309.
LaTeX Font Info:    Redeclaring math symbol \Delta on input line 309.
LaTeX Font Info:    Redeclaring math symbol \Theta on input line 309.
LaTeX Font Info:    Redeclaring math symbol \Lambda on input line 309.
LaTeX Font Info:    Redeclaring math symbol \Xi on input line 309.
LaTeX Font Info:    Redeclaring math symbol \Pi on input line 309.
LaTeX Font Info:    Redeclaring math symbol \Sigma on input line 309.
LaTeX Font Info:    Redeclaring math symbol \Upsilon on input line 309.
LaTeX Font Info:    Redeclaring math symbol \Phi on input line 309.
LaTeX Font Info:    Redeclaring math symbol \Psi on input line 309.
LaTeX Font Info:    Redeclaring math symbol \Omega on input line 309.
LaTeX Font Info:    Redeclaring math symbol \mathdollar on input line 309.
LaTeX Font Info:    Redeclaring symbol font `operators' on input line 309.
LaTeX Font Info:    Encoding `OT1' has changed to `TU' for symbol font
(Font)              `operators' in the math version `normal' on input line 309.

LaTeX Font Info:    Overwriting symbol font `operators' in version `normal'
(Font)                  OT1/cmr/m/n --> TU/lmr/m/n on input line 309.
LaTeX Font Info:    Encoding `OT1' has changed to `TU' for symbol font
(Font)              `operators' in the math version `bold' on input line 309.
LaTeX Font Info:    Overwriting symbol font `operators' in version `bold'
(Font)                  OT1/cmr/bx/n --> TU/lmr/m/n on input line 309.
LaTeX Font Info:    Overwriting symbol font `operators' in version `normal'
(Font)                  TU/lmr/m/n --> TU/lmr/m/n on input line 309.
LaTeX Font Info:    Overwriting math alphabet `\mathit' in version `normal'
(Font)                  OT1/cmr/m/it --> TU/lmr/m/it on input line 309.
LaTeX Font Info:    Overwriting math alphabet `\mathbf' in version `normal'
(Font)                  OT1/cmr/bx/n --> TU/lmr/b/n on input line 309.
LaTeX Font Info:    Overwriting math alphabet `\mathsf' in version `normal'
(Font)                  OT1/cmss/m/n --> TU/lmss/m/n on input line 309.
LaTeX Font Info:    Overwriting math alphabet `\mathtt' in version `normal'
(Font)                  OT1/cmtt/m/n --> TU/lmtt/m/n on input line 309.
LaTeX Font Info:    Overwriting symbol font `operators' in version `bold'
(Font)                  TU/lmr/m/n --> TU/lmr/b/n on input line 309.
LaTeX Font Info:    Overwriting math alphabet `\mathit' in version `bold'
(Font)                  OT1/cmr/bx/it --> TU/lmr/b/it on input line 309.
LaTeX Font Info:    Overwriting math alphabet `\mathsf' in version `bold'
(Font)                  OT1/cmss/bx/n --> TU/lmss/b/n on input line 309.
LaTeX Font Info:    Overwriting math alphabet `\mathtt' in version `bold'
(Font)                  OT1/cmtt/m/n --> TU/lmtt/b/n on input line 309.

\openout4 = lwarpmk.conf

\openout4 = MAURO.lwarpmkconf
\LWR@colorminipagebox=\box97
The property list \__xpg_alias contains the pairs (without outer braces):
>  {latex/target}  =>  {latex}
>  {spanish/target}  =>  {spanish}
>  {es/target}  =>  {spanish}
>  {es-MX/target}  =>  {spanish}
>  {es-MX/variant}  =>  {mexican}
>  {es-MX/options}  =>  {variant=mexican}
>  {es-ES/target}  =>  {spanish}
>  {es-ES/variant}  =>  {spanish}
>  {es-ES/options}  =>  {variant=spanish}
>  {spanishmx/target}  =>  {spanish}
>  {spanishmx/variant}  =>  {mexican}
>  {spanishmx/options}  =>  {variant=mexican}.
Package caption Info: Begin \AtBeginDocument code.
Package caption Info: hyperref package is loaded.
Package caption Info: End \AtBeginDocument code.
Package biblatex Info: Trying to load language 'spanish' -> 'spanish-philosophy
'...
Package biblatex Info: ... file 'spanish-philosophy.lbx' found.

(/usr/share/texmf-dist/tex/latex/biblatex-philosophy/spanish-philosophy.lbx
File: spanish-philosophy.lbx 2021/11/06 v1.9.8f A set of styles for biblatex
Package biblatex Info: Trying to load language 'spanish'...
Package biblatex Info: ... file 'spanish.lbx' found.

(/usr/share/texmf-dist/tex/latex/biblatex/lbx/spanish.lbx
File: spanish.lbx 2022/02/02 v3.17 biblatex localization (PK/MW)
)
Package biblatex Info: Trying to load language 'spanish'...
Package biblatex Info: ... file 'spanish.lbx' found.

(/usr/share/texmf-dist/tex/latex/biblatex/lbx/spanish.lbx
File: spanish.lbx 2022/02/02 v3.17 biblatex localization (PK/MW)
))
Package biblatex Info: Input encoding 'utf8' specified.
Package biblatex Info: Data encoding 'utf8' specified.
(biblatex)             No need to reencode data.

\openout5 = MAURO.bcf
Package biblatex Info: Trying to load bibliographic data...
Package biblatex Info: ... file 'MAURO.bbl' found.
 (./MAURO.bbl)
Package biblatex Info: Reference section=0 on input line 309.
Package biblatex Info: Reference segment=0 on input line 309.

(/usr/share/texmf-dist/tex/context/base/mkii/supp-pdf.mkii
[Loading MPS to PDF converter (version 2006.09.02).]
\scratchcounter=\count446
\scratchdimen=\dimen179
\scratchbox=\box98
\nofMPsegments=\count447
\nofMParguments=\count448
\everyMPshowfont=\toks24
\MPscratchCnt=\count449
\MPscratchDim=\dimen180
\MPnumerator=\count450
\makeMPintoPDFobject=\count451
\everyMPtoPDFconversion=\toks25
) (/usr/share/texmf-dist/tex/latex/epstopdf-pkg/epstopdf-base.sty
Package: epstopdf-base 2020-01-24 v2.11 Base part for package epstopdf
Package epstopdf-base Info: Redefining graphics rule for `.eps' on input line 4
85.

(/usr/share/texmf-dist/tex/latex/latexconfig/epstopdf-sys.cfg
File: epstopdf-sys.cfg 2010/07/13 v1.3 Configuration of (r)epstopdf for TeX Liv
e
))
Package hyperref Info: Link coloring OFF on input line 309.

(/usr/share/texmf-dist/tex/latex/hyperref/nameref.sty
Package: nameref 2021-04-02 v2.47 Cross-referencing by name of section

(/usr/share/texmf-dist/tex/latex/refcount/refcount.sty
Package: refcount 2019/12/15 v3.6 Data extraction from label references (HO)
)
(/usr/share/texmf-dist/tex/generic/gettitlestring/gettitlestring.sty
Package: gettitlestring 2019/12/15 v1.6 Cleanup title references (HO)
)
\c@section@level=\count452
)
LaTeX Info: Redefining \ref on input line 309.
LaTeX Info: Redefining \pageref on input line 309.
LaTeX Info: Redefining \nameref on input line 309.

(./MAURO.out) (./MAURO.out)
\@outlinefile=\write7

\openout7 = MAURO.out
LaTeX Info: Redefining \rmfamily on input line 309.
LaTeX Info: Redefining \sffamily on input line 309.
LaTeX Info: Redefining \ttfamily on input line 309.
Package polyglossia Info: totalhyphenmin:'5'.
<foto-tapa.png, id=112, 284.06125pt x 422.57875pt>
File: foto-tapa.png Graphic file (type png)
<use foto-tapa.png>
Package luatex.def Info: foto-tapa.png  used on input line 314.
(luatex.def)             Requested size: 284.06053pt x 422.57771pt.
 [1{/var/lib/texmf/fonts/map/pdftex/updmap/pdftex.map}


<./foto-tapa.png>] [2

]
Package biblatex Info: Resetting trackers on input line 317.
 (./MAURO.toc
LaTeX Info: Redefining \rmfamily on input line 1.
LaTeX Info: Redefining \sffamily on input line 1.
LaTeX Info: Redefining \ttfamily on input line 1.
Package polyglossia Info: totalhyphenmin:'5'.
LaTeX Font Info:    External font `cmex10' loaded for size
(Font)              <7> on input line 8.
LaTeX Font Info:    External font `cmex10' loaded for size
(Font)              <5> on input line 8.
 [3])
\tf@toc=\write8

\openout8 = MAURO.toc
 [4]
Package biblatex Info: Resetting trackers on input line 319.
File: foto-tapa.png Graphic file (type png)
<use foto-tapa.png>
Package luatex.def Info: foto-tapa.png  used on input line 327.
(luatex.def)             Requested size: 284.06053pt x 422.57771pt.

Underfull \vbox (badness 10000) has occurred while \output is active []

 [5

]
[6] [7] [8

]
Package biblatex Info: Resetting trackers on input line 335.

Overfull \hbox (125.25003pt too wide) in paragraph at lines 340--361
 [] 
 []

[9] [10

]
Package biblatex Info: Resetting trackers on input line 364.
 [11] [12

]
Package biblatex Info: Resetting trackers on input line 368.
 [13] [14

]
Package biblatex Info: Resetting trackers on input line 377.
LaTeX Font Info:    External font `cmex10' loaded for size
(Font)              <8> on input line 381.
LaTeX Font Info:    External font `cmex10' loaded for size
(Font)              <6> on input line 381.
 [15] [16] [17]
Underfull \vbox (badness 4403) has occurred while \output is active []

 [18]
[19] [20]
Overfull \hbox (104.08015pt too wide) in paragraph at lines 473--494
 [] 
 []


Overfull \hbox (217.82019pt too wide) in paragraph at lines 531--542
 [] 
 []


Overfull \hbox (219.07022pt too wide) in paragraph at lines 548--573
 [] 
 []

[21] [22] [23] [24] [25] [26] [27]
<figura2-1.jpg, id=544, 383.031pt x 221.8689pt>
File: figura2-1.jpg Graphic file (type jpg)
<use figura2-1.jpg>
Package luatex.def Info: figura2-1.jpg  used on input line 673.
(luatex.def)             Requested size: 345.0pt x 199.85281pt.
 [28<./figura2-1.jpg>]
Captulo 1.
Package biblatex Info: Resetting trackers on input line 679.
[1


] [2] [3] [4] [5] [6]
<figura2x.png, id=682, 3417.33858pt x 662.81914pt>
File: figura2x.png Graphic file (type png)
<use figura2x.png>
Package luatex.def Info: figura2x.png  used on input line 784.
(luatex.def)             Requested size: 345.0pt x 66.91284pt.
 [7<./figura2x.png>] [8] [9] [10] [11] [12] [13]
[14] [15] [16]
<figura3x.png, id=810, 2702.56186pt x 660.51419pt>
File: figura3x.png Graphic file (type png)
<use figura3x.png>
Package luatex.def Info: figura3x.png  used on input line 953.
(luatex.def)             Requested size: 345.0pt x 84.31775pt.
 [17<./figura3x.png>] [18] [19] [20

]
Captulo 2.
Package biblatex Info: Resetting trackers on input line 974.
[21] [22]
Overfull \hbox (53.51901pt too wide) has occurred while \output is active
\TU/lmr/m/sl/10 2.2.  EL CON-TEX-TO POLTI-CO DEL CON-FLIC-TO EN LA MI-RA-DA DE
 LA PREN-SA \TU/lmr/m/n/10 23
 []

[23] [24] [25] [26]
Overfull \hbox (13.98013pt too wide) in paragraph at lines 1078--1091
 [] 
 []


Underfull \vbox (badness 5460) has occurred while \output is active []

 [27]
[28] [29] [30]
Captulo 3.
Package biblatex Info: Resetting trackers on input line 1166.
[31

]
Overfull \hbox (17.27pt too wide) has occurred while \output is active
\TU/lmr/m/n/10 32 \TU/lmr/m/sl/10 CAP-TU-LO 3.  ANLI-SIS DE CON-TENIDO DEL 
\TU/lmr/m/n/10 COR-PUS \TU/lmr/m/sl/10 BIB-LI-OGR-FI-CO
 []

[32] [33]
Overfull \hbox (17.26451pt too wide) has occurred while \output is active
\TU/lmr/m/n/10 34 \TU/lmr/m/sl/10 CAP-TU-LO 3.  ANLI-SIS DE CON-TENIDO DEL 
\TU/lmr/m/n/10 COR-PUS \TU/lmr/m/sl/10 BIB-LI-OGR-FI-CO
 []

[34] [35]
Overfull \hbox (17.26451pt too wide) has occurred while \output is active
\TU/lmr/m/n/10 36 \TU/lmr/m/sl/10 CAP-TU-LO 3.  ANLI-SIS DE CON-TENIDO DEL 
\TU/lmr/m/n/10 COR-PUS \TU/lmr/m/sl/10 BIB-LI-OGR-FI-CO
 []

[36] [37]
Overfull \hbox (45.32997pt too wide) in paragraph at lines 1283--1284
[]\TU/lmr/m/n/10 El ter-cer gru-po --integrado por dia-rios pri-va-dos, ma-qui-l
la-dos de independientes--
 []


Overfull \hbox (17.26451pt too wide) has occurred while \output is active
\TU/lmr/m/n/10 38 \TU/lmr/m/sl/10 CAP-TU-LO 3.  ANLI-SIS DE CON-TENIDO DEL 
\TU/lmr/m/n/10 COR-PUS \TU/lmr/m/sl/10 BIB-LI-OGR-FI-CO
 []

[38] [39]
Overfull \hbox (17.26451pt too wide) has occurred while \output is active
\TU/lmr/m/n/10 40 \TU/lmr/m/sl/10 CAP-TU-LO 3.  ANLI-SIS DE CON-TENIDO DEL 
\TU/lmr/m/n/10 COR-PUS \TU/lmr/m/sl/10 BIB-LI-OGR-FI-CO
 []

[40] [41]
Overfull \hbox (17.26451pt too wide) has occurred while \output is active
\TU/lmr/m/n/10 42 \TU/lmr/m/sl/10 CAP-TU-LO 3.  ANLI-SIS DE CON-TENIDO DEL 
\TU/lmr/m/n/10 COR-PUS \TU/lmr/m/sl/10 BIB-LI-OGR-FI-CO
 []

[42] [43]
Overfull \hbox (17.26451pt too wide) has occurred while \output is active
\TU/lmr/m/n/10 44 \TU/lmr/m/sl/10 CAP-TU-LO 3.  ANLI-SIS DE CON-TENIDO DEL 
\TU/lmr/m/n/10 COR-PUS \TU/lmr/m/sl/10 BIB-LI-OGR-FI-CO
 []

[44] [45]
Overfull \hbox (17.26451pt too wide) has occurred while \output is active
\TU/lmr/m/n/10 46 \TU/lmr/m/sl/10 CAP-TU-LO 3.  ANLI-SIS DE CON-TENIDO DEL 
\TU/lmr/m/n/10 COR-PUS \TU/lmr/m/sl/10 BIB-LI-OGR-FI-CO
 []

[46] [47]
Overfull \hbox (17.26451pt too wide) has occurred while \output is active
\TU/lmr/m/n/10 48 \TU/lmr/m/sl/10 CAP-TU-LO 3.  ANLI-SIS DE CON-TENIDO DEL 
\TU/lmr/m/n/10 COR-PUS \TU/lmr/m/sl/10 BIB-LI-OGR-FI-CO
 []

[48] [49]
Overfull \hbox (17.26451pt too wide) has occurred while \output is active
\TU/lmr/m/n/10 50 \TU/lmr/m/sl/10 CAP-TU-LO 3.  ANLI-SIS DE CON-TENIDO DEL 
\TU/lmr/m/n/10 COR-PUS \TU/lmr/m/sl/10 BIB-LI-OGR-FI-CO
 []

[50] [51]
Overfull \hbox (17.26451pt too wide) has occurred while \output is active
\TU/lmr/m/n/10 52 \TU/lmr/m/sl/10 CAP-TU-LO 3.  ANLI-SIS DE CON-TENIDO DEL 
\TU/lmr/m/n/10 COR-PUS \TU/lmr/m/sl/10 BIB-LI-OGR-FI-CO
 []

[52] [53]
Overfull \hbox (17.26451pt too wide) has occurred while \output is active
\TU/lmr/m/n/10 54 \TU/lmr/m/sl/10 CAP-TU-LO 3.  ANLI-SIS DE CON-TENIDO DEL 
\TU/lmr/m/n/10 COR-PUS \TU/lmr/m/sl/10 BIB-LI-OGR-FI-CO
 []

[54] [55]
Overfull \hbox (17.26451pt too wide) has occurred while \output is active
\TU/lmr/m/n/10 56 \TU/lmr/m/sl/10 CAP-TU-LO 3.  ANLI-SIS DE CON-TENIDO DEL 
\TU/lmr/m/n/10 COR-PUS \TU/lmr/m/sl/10 BIB-LI-OGR-FI-CO
 []

[56] [57]
Overfull \hbox (17.26451pt too wide) has occurred while \output is active
\TU/lmr/m/n/10 58 \TU/lmr/m/sl/10 CAP-TU-LO 3.  ANLI-SIS DE CON-TENIDO DEL 
\TU/lmr/m/n/10 COR-PUS \TU/lmr/m/sl/10 BIB-LI-OGR-FI-CO
 []

[58] [59]
Overfull \hbox (17.26451pt too wide) has occurred while \output is active
\TU/lmr/m/n/10 60 \TU/lmr/m/sl/10 CAP-TU-LO 3.  ANLI-SIS DE CON-TENIDO DEL 
\TU/lmr/m/n/10 COR-PUS \TU/lmr/m/sl/10 BIB-LI-OGR-FI-CO
 []

[60] [61]
Overfull \hbox (17.26451pt too wide) has occurred while \output is active
\TU/lmr/m/n/10 62 \TU/lmr/m/sl/10 CAP-TU-LO 3.  ANLI-SIS DE CON-TENIDO DEL 
\TU/lmr/m/n/10 COR-PUS \TU/lmr/m/sl/10 BIB-LI-OGR-FI-CO
 []

[62] [63]
Overfull \hbox (17.26451pt too wide) has occurred while \output is active
\TU/lmr/m/n/10 64 \TU/lmr/m/sl/10 CAP-TU-LO 3.  ANLI-SIS DE CON-TENIDO DEL 
\TU/lmr/m/n/10 COR-PUS \TU/lmr/m/sl/10 BIB-LI-OGR-FI-CO
 []

[64] [65]
Overfull \hbox (17.26451pt too wide) has occurred while \output is active
\TU/lmr/m/n/10 66 \TU/lmr/m/sl/10 CAP-TU-LO 3.  ANLI-SIS DE CON-TENIDO DEL 
\TU/lmr/m/n/10 COR-PUS \TU/lmr/m/sl/10 BIB-LI-OGR-FI-CO
 []

[66] [67]
Overfull \hbox (17.26451pt too wide) has occurred while \output is active
\TU/lmr/m/n/10 68 \TU/lmr/m/sl/10 CAP-TU-LO 3.  ANLI-SIS DE CON-TENIDO DEL 
\TU/lmr/m/n/10 COR-PUS \TU/lmr/m/sl/10 BIB-LI-OGR-FI-CO
 []

[68] [69]
Overfull \hbox (17.26451pt too wide) has occurred while \output is active
\TU/lmr/m/n/10 70 \TU/lmr/m/sl/10 CAP-TU-LO 3.  ANLI-SIS DE CON-TENIDO DEL 
\TU/lmr/m/n/10 COR-PUS \TU/lmr/m/sl/10 BIB-LI-OGR-FI-CO
 []

[70] [71]
Overfull \hbox (17.26451pt too wide) has occurred while \output is active
\TU/lmr/m/n/10 72 \TU/lmr/m/sl/10 CAP-TU-LO 3.  ANLI-SIS DE CON-TENIDO DEL 
\TU/lmr/m/n/10 COR-PUS \TU/lmr/m/sl/10 BIB-LI-OGR-FI-CO
 []

[72] [73]
Overfull \hbox (17.26451pt too wide) has occurred while \output is active
\TU/lmr/m/n/10 74 \TU/lmr/m/sl/10 CAP-TU-LO 3.  ANLI-SIS DE CON-TENIDO DEL 
\TU/lmr/m/n/10 COR-PUS \TU/lmr/m/sl/10 BIB-LI-OGR-FI-CO
 []

[74] [75]
Overfull \hbox (17.26451pt too wide) has occurred while \output is active
\TU/lmr/m/n/10 76 \TU/lmr/m/sl/10 CAP-TU-LO 3.  ANLI-SIS DE CON-TENIDO DEL 
\TU/lmr/m/n/10 COR-PUS \TU/lmr/m/sl/10 BIB-LI-OGR-FI-CO
 []

[76] [77]
Overfull \hbox (17.26451pt too wide) has occurred while \output is active
\TU/lmr/m/n/10 78 \TU/lmr/m/sl/10 CAP-TU-LO 3.  ANLI-SIS DE CON-TENIDO DEL 
\TU/lmr/m/n/10 COR-PUS \TU/lmr/m/sl/10 BIB-LI-OGR-FI-CO
 []

[78] [79]
Overfull \hbox (17.26451pt too wide) has occurred while \output is active
\TU/lmr/m/n/10 80 \TU/lmr/m/sl/10 CAP-TU-LO 3.  ANLI-SIS DE CON-TENIDO DEL 
\TU/lmr/m/n/10 COR-PUS \TU/lmr/m/sl/10 BIB-LI-OGR-FI-CO
 []

[80] [81]
Overfull \hbox (17.26451pt too wide) has occurred while \output is active
\TU/lmr/m/n/10 82 \TU/lmr/m/sl/10 CAP-TU-LO 3.  ANLI-SIS DE CON-TENIDO DEL 
\TU/lmr/m/n/10 COR-PUS \TU/lmr/m/sl/10 BIB-LI-OGR-FI-CO
 []

[82] [83]
Overfull \hbox (17.26451pt too wide) has occurred while \output is active
\TU/lmr/m/n/10 84 \TU/lmr/m/sl/10 CAP-TU-LO 3.  ANLI-SIS DE CON-TENIDO DEL 
\TU/lmr/m/n/10 COR-PUS \TU/lmr/m/sl/10 BIB-LI-OGR-FI-CO
 []

[84] [85]
Overfull \hbox (17.26451pt too wide) has occurred while \output is active
\TU/lmr/m/n/10 86 \TU/lmr/m/sl/10 CAP-TU-LO 3.  ANLI-SIS DE CON-TENIDO DEL 
\TU/lmr/m/n/10 COR-PUS \TU/lmr/m/sl/10 BIB-LI-OGR-FI-CO
 []

[86] [87]
Overfull \hbox (17.26451pt too wide) has occurred while \output is active
\TU/lmr/m/n/10 88 \TU/lmr/m/sl/10 CAP-TU-LO 3.  ANLI-SIS DE CON-TENIDO DEL 
\TU/lmr/m/n/10 COR-PUS \TU/lmr/m/sl/10 BIB-LI-OGR-FI-CO
 []

[88] [89]
Overfull \hbox (17.26451pt too wide) has occurred while \output is active
\TU/lmr/m/n/10 90 \TU/lmr/m/sl/10 CAP-TU-LO 3.  ANLI-SIS DE CON-TENIDO DEL 
\TU/lmr/m/n/10 COR-PUS \TU/lmr/m/sl/10 BIB-LI-OGR-FI-CO
 []

[90] [91]
Overfull \hbox (17.26451pt too wide) has occurred while \output is active
\TU/lmr/m/n/10 92 \TU/lmr/m/sl/10 CAP-TU-LO 3.  ANLI-SIS DE CON-TENIDO DEL 
\TU/lmr/m/n/10 COR-PUS \TU/lmr/m/sl/10 BIB-LI-OGR-FI-CO
 []

[92] [93]
Overfull \hbox (17.26451pt too wide) has occurred while \output is active
\TU/lmr/m/n/10 94 \TU/lmr/m/sl/10 CAP-TU-LO 3.  ANLI-SIS DE CON-TENIDO DEL 
\TU/lmr/m/n/10 COR-PUS \TU/lmr/m/sl/10 BIB-LI-OGR-FI-CO
 []

[94] [95]
Overfull \hbox (17.26451pt too wide) has occurred while \output is active
\TU/lmr/m/n/10 96 \TU/lmr/m/sl/10 CAP-TU-LO 3.  ANLI-SIS DE CON-TENIDO DEL 
\TU/lmr/m/n/10 COR-PUS \TU/lmr/m/sl/10 BIB-LI-OGR-FI-CO
 []

[96] [97]
Overfull \hbox (17.26451pt too wide) has occurred while \output is active
\TU/lmr/m/n/10 98 \TU/lmr/m/sl/10 CAP-TU-LO 3.  ANLI-SIS DE CON-TENIDO DEL 
\TU/lmr/m/n/10 COR-PUS \TU/lmr/m/sl/10 BIB-LI-OGR-FI-CO
 []

[98] [99]
Overfull \hbox (22.26451pt too wide) has occurred while \output is active
\TU/lmr/m/n/10 100 \TU/lmr/m/sl/10 CAP-TU-LO 3.  ANLI-SIS DE CON-TENIDO DEL \TU/lmr/m/n/10 COR-PUS \TU/lmr/m/sl/10 BIB-LI-OGR
-FI-CO
 []

[100] [101]
Overfull \hbox (22.26451pt too wide) has occurred while \output is active
\TU/lmr/m/n/10 102 \TU/lmr/m/sl/10 CAP-TU-LO 3.  ANLI-SIS DE CON-TENIDO DEL \TU/lmr/m/n/10 COR-PUS \TU/lmr/m/sl/10 BIB-LI-OGR
-FI-CO
 []

[102] [103]
Overfull \hbox (22.26451pt too wide) has occurred while \output is active
\TU/lmr/m/n/10 104 \TU/lmr/m/sl/10 CAP-TU-LO 3.  ANLI-SIS DE CON-TENIDO DEL \TU/lmr/m/n/10 COR-PUS \TU/lmr/m/sl/10 BIB-LI-OGR
-FI-CO
 []

[104] [105]
Overfull \hbox (22.26451pt too wide) has occurred while \output is active
\TU/lmr/m/n/10 106 \TU/lmr/m/sl/10 CAP-TU-LO 3.  ANLI-SIS DE CON-TENIDO DEL \TU/lmr/m/n/10 COR-PUS \TU/lmr/m/sl/10 BIB-LI-OGR
-FI-CO
 []

[106] [107]
Overfull \hbox (22.26451pt too wide) has occurred while \output is active
\TU/lmr/m/n/10 108 \TU/lmr/m/sl/10 CAP-TU-LO 3.  ANLI-SIS DE CON-TENIDO DEL \TU/lmr/m/n/10 COR-PUS \TU/lmr/m/sl/10 BIB-LI-OGR
-FI-CO
 []

[108] [109]
Overfull \hbox (22.26451pt too wide) has occurred while \output is active
\TU/lmr/m/n/10 110 \TU/lmr/m/sl/10 CAP-TU-LO 3.  ANLI-SIS DE CON-TENIDO DEL \TU/lmr/m/n/10 COR-PUS \TU/lmr/m/sl/10 BIB-LI-OGR
-FI-CO
 []

[110] [111]
Overfull \hbox (22.26451pt too wide) has occurred while \output is active
\TU/lmr/m/n/10 112 \TU/lmr/m/sl/10 CAP-TU-LO 3.  ANLI-SIS DE CON-TENIDO DEL \TU/lmr/m/n/10 COR-PUS \TU/lmr/m/sl/10 BIB-LI-OGR
-FI-CO
 []

[112] [113]
Overfull \hbox (22.26451pt too wide) has occurred while \output is active
\TU/lmr/m/n/10 114 \TU/lmr/m/sl/10 CAP-TU-LO 3.  ANLI-SIS DE CON-TENIDO DEL \TU/lmr/m/n/10 COR-PUS \TU/lmr/m/sl/10 BIB-LI-OGR
-FI-CO
 []

[114] [115]
Overfull \hbox (22.26451pt too wide) has occurred while \output is active
\TU/lmr/m/n/10 116 \TU/lmr/m/sl/10 CAP-TU-LO 3.  ANLI-SIS DE CON-TENIDO DEL \TU/lmr/m/n/10 COR-PUS \TU/lmr/m/sl/10 BIB-LI-OGR
-FI-CO
 []

[116

]
Package biblatex Info: Resetting trackers on input line 2430.
 [117

] [118

]
Package biblatex Info: Resetting trackers on input line 2442.
LaTeX Font Info:    External font `cmex10' loaded for size
(Font)              <9> on input line 2444.
 [119] [120]
Overfull \hbox (6.75888pt too wide) in paragraph at lines 2444--2444
[][]\TU/lmr/m/n/9 Gans, Her-bert (1979), \TU/lmr/m/it/9 De-ci-ding Whats News
, News-week an Time\TU/lmr/m/n/9 , Nue-va York: Pantheon
 []

[121] [122] [123] [124]
Package biblatex Info: Resetting trackers on input line 2456.
The property list \polyglossia@langsetup contains the pairs (without outer
braces):
>  {latex/script}  =>  {latin}
>  {latex/lcscript}  =>  {latin}
>  {latex/scripttag}  =>  {}
>  {latex/language}  =>  {Latex}
>  {latex/langtag}  =>  {ENG}
>  {latex/bcp47}  =>  {}
>  {latex/hyphennames}  =>  {english}
>  {latex/direction}  =>  {LR}
>  {latex/hyphenmins}  =>  {2,3}
>  {latex/frenchspacing}  =>  {false}
>  {latex/indentfirst}  =>  {false}
>  {latex/fontsetup}  =>  {true}
>  {latex/envname}  =>  {latex}
>  {latex/babelname}  =>  {latex}
>  {latex/localnumeral}  =>  {polyglossia@C@localnumeral}
>  {latex/Localnumeral}  =>  {polyglossia@C@localnumeral}
>  {latex/DefineCommandsCmd}  =>  {use_none:n}
>  {spanish/script}  =>  {latin}
>  {spanish/lcscript}  =>  {latin}
>  {spanish/scripttag}  =>  {}
>  {spanish/language}  =>  {Spanish}
>  {spanish/langtag}  =>  {ESP}
>  {spanish/bcp47}  =>  {es-ES}
>  {spanish/hyphennames}  =>  {spanish}
>  {spanish/direction}  =>  {LR}
>  {spanish/hyphenmins}  =>  {2,2}
>  {spanish/frenchspacing}  =>  {true}
>  {spanish/indentfirst}  =>  {true}
>  {spanish/fontsetup}  =>  {true}
>  {spanish/envname}  =>  {spanish}
>  {spanish/babelname}  =>  {spanish}
>  {spanish/localnumeral}  =>  {polyglossia@C@localnumeral}
>  {spanish/Localnumeral}  =>  {polyglossia@C@localnumeral}
>  {spanish/DefineCommandsCmd}  =>  {xpg_define_language_commands:e}
>  {spanish/totalhyphenmin}  =>  {5}.
The property list \__xpg_alias contains the pairs (without outer braces):
>  {latex/target}  =>  {latex}
>  {spanish/target}  =>  {spanish}
>  {es/target}  =>  {spanish}
>  {es-MX/target}  =>  {spanish}
>  {es-MX/variant}  =>  {mexican}
>  {es-MX/options}  =>  {variant=mexican}
>  {es-ES/target}  =>  {spanish}
>  {es-ES/variant}  =>  {spanish}
>  {es-ES/options}  =>  {variant=spanish}
>  {spanishmx/target}  =>  {spanish}
>  {spanishmx/variant}  =>  {mexican}
>  {spanishmx/options}  =>  {variant=mexican}.
 [125

] (./MAURO.aux
LaTeX Info: Redefining \rmfamily on input line 22.
LaTeX Info: Redefining \sffamily on input line 22.
LaTeX Info: Redefining \ttfamily on input line 22.
Package polyglossia Info: totalhyphenmin:'5'.
)
Package rerunfilecheck Info: File `MAURO.out' has not changed.
(rerunfilecheck)             Checksum: 4F034077C8516205FAD0B39F4F553658;5321.
Package logreq Info: Writing requests to 'MAURO.run.xml'.

\openout1 = MAURO.run.xml
)

Here is how much of LuaTeX's memory you used:
 30036 strings out of 477762
 125038,1648299 words of node,token memory allocated
 1516 words of node memory still in use:
   3 hlist, 1 vlist, 1 rule, 52 glue, 3 kern, 1 glyph, 97 attribute, 74 glue_spe
c, 97 attribute_list, 1 write, 43 pdf_action nodes
   avail lists: 1:9,2:2462,3:1002,4:591,5:755,6:370,7:11697,8:156,9:809,10:40,11
:1474,12:2
 48546 multiletter control sequences out of 65536+600000
 56 fonts using 4802511 bytes
 74i,9n,115p,5917b,2629s stack positions out of 5000i,500n,10000p,200000b,80000s
</usr/share/texmf-dist/fonts/opentype/public/lm/lmroman9-italic.otf></usr/share/
texmf-dist/fonts/opentype/public/lm/lmroman9-regular.otf></usr/share/texmf-dist/
fonts/opentype/public/lm/lmroman8-bold.otf></usr/share/texmf-dist/fonts/opentype
/public/lm/lmroman8-italic.otf></usr/share/texmf-dist/fonts/opentype/public/lm/l
mroman6-regular.otf></usr/share/texmf-dist/fonts/opentype/public/lm/lmroman7-reg
ular.otf></usr/share/texmf-dist/fonts/opentype/public/lm/lmroman8-regular.otf></
usr/share/texmf-dist/fonts/opentype/public/lm/lmromanslant10-regular.otf></usr/s
hare/texmf-dist/fonts/opentype/public/lm/lmroman10-italic.otf></usr/share/texmf-
dist/fonts/opentype/public/lm/lmroman10-bolditalic.otf></usr/share/texmf-dist/fo
nts/opentype/public/lm/lmroman10-bold.otf></usr/share/texmf-dist/fonts/opentype/
public/lm/lmroman12-bold.otf></usr/share/texmf-dist/fonts/opentype/public/lm/lmr
oman10-regular.otf>
Output written on MAURO.pdf (153 pages, 1723378 bytes).

PDF statistics: 2387 PDF objects out of 2487 (max. 8388607)
 2165 compressed objects within 22 object streams
 415 named destinations out of 1000 (max. 131072)
 217 words of extra memory for PDF output out of 10000 (max. 100000000)

